{"level":"info","message":"Server running on port 5000","timestamp":"2025-12-24T20:14:03.432Z"}
{"level":"info","message":"MongoDB connected successfully","timestamp":"2025-12-24T20:14:03.449Z"}
{"level":"info","message":"New user registered: test@test.com","timestamp":"2025-12-24T20:14:37.606Z"}
{"level":"info","message":"User logged in: test@test.com","timestamp":"2025-12-24T20:16:20.662Z"}
{"level":"info","message":"Server running on port 5000","timestamp":"2025-12-25T06:00:40.257Z"}
{"level":"info","message":"Server accessible at http://0.0.0.0:5000","timestamp":"2025-12-25T06:00:40.259Z"}
{"level":"info","message":"MongoDB connected successfully","timestamp":"2025-12-25T06:00:40.292Z"}
{"level":"info","message":"Server running on port 5000","timestamp":"2025-12-25T06:09:07.951Z"}
{"level":"info","message":"Server accessible at http://0.0.0.0:5000","timestamp":"2025-12-25T06:09:07.955Z"}
{"level":"info","message":"MongoDB connected successfully","timestamp":"2025-12-25T06:09:07.990Z"}
{"level":"info","message":"Server running on port 5000","timestamp":"2025-12-25T06:12:40.413Z"}
{"level":"info","message":"Server accessible at http://0.0.0.0:5000","timestamp":"2025-12-25T06:12:40.415Z"}
{"level":"info","message":"MongoDB connected successfully","timestamp":"2025-12-25T06:12:40.441Z"}
{"level":"info","message":"New user registered: test@test.com","timestamp":"2025-12-25T06:15:04.760Z"}
{"level":"info","message":"Server running on port 5000","timestamp":"2025-12-25T06:20:15.330Z"}
{"level":"info","message":"Server accessible at http://0.0.0.0:5000","timestamp":"2025-12-25T06:20:15.334Z"}
{"level":"info","message":"MongoDB connected successfully","timestamp":"2025-12-25T06:20:15.366Z"}
{"level":"info","message":"Server running on port 5000","timestamp":"2025-12-25T06:27:18.542Z"}
{"level":"info","message":"Server accessible at http://0.0.0.0:5000","timestamp":"2025-12-25T06:27:18.544Z"}
{"level":"info","message":"MongoDB connected successfully","timestamp":"2025-12-25T06:27:18.575Z"}
{"level":"info","message":"Server running on port 5000","timestamp":"2025-12-25T06:30:58.338Z"}
{"level":"info","message":"Server accessible at http://0.0.0.0:5000","timestamp":"2025-12-25T06:30:58.340Z"}
{"level":"info","message":"MongoDB connected successfully","timestamp":"2025-12-25T06:30:58.357Z"}
{"level":"info","message":"Server running on port 5000","timestamp":"2025-12-25T06:34:26.432Z"}
{"level":"info","message":"Server accessible at http://0.0.0.0:5000","timestamp":"2025-12-25T06:34:26.435Z"}
{"level":"info","message":"MongoDB connected successfully","timestamp":"2025-12-25T06:34:26.451Z"}
{"level":"info","message":"Tool check: docker - Installed: true, Version: 28.0.1","timestamp":"2025-12-25T06:34:46.803Z"}
{"level":"info","message":"Tool check: terraform - Installed: true, Version: Terraform v1.12.2","timestamp":"2025-12-25T06:34:48.005Z"}
{"level":"info","message":"Tool check: kubectl - Installed: false, Version: null","timestamp":"2025-12-25T06:34:48.609Z"}
{"level":"info","message":"Tool check: helm - Installed: true, Version: v3.17.1+g980d8ac","timestamp":"2025-12-25T06:34:51.879Z"}
{"level":"info","message":"Tool check: argocd - Installed: true, Version: argocd: v3.0.11+240a183","timestamp":"2025-12-25T06:34:52.479Z"}
{"level":"info","message":"Tool check: ansible - Installed: true, Version: null","timestamp":"2025-12-25T06:34:53.045Z"}
{"level":"info","message":"Tool check: kubectl - Installed: false, Version: null","timestamp":"2025-12-25T06:35:00.508Z"}
{"level":"info","message":"Server running on port 5000","timestamp":"2025-12-25T06:40:57.635Z"}
{"level":"info","message":"Server accessible at http://0.0.0.0:5000","timestamp":"2025-12-25T06:40:57.640Z"}
{"level":"info","message":"MongoDB connected successfully","timestamp":"2025-12-25T06:40:57.665Z"}
{"level":"info","message":"Checking tool: docker","timestamp":"2025-12-25T06:41:00.971Z"}
{"level":"info","message":"Tool check result: docker - Installed: true, Version: 28.0.1","timestamp":"2025-12-25T06:41:00.982Z"}
{"level":"info","message":"Checking tool: terraform","timestamp":"2025-12-25T06:41:01.782Z"}
{"level":"info","message":"Found terraform at /host/usr/bin/terraform","timestamp":"2025-12-25T06:41:01.783Z"}
{"level":"info","message":"Got version for terraform from /host/usr/bin/terraform: Terraform v1.12.2","timestamp":"2025-12-25T06:41:02.096Z"}
{"level":"info","message":"Tool check result: terraform - Installed: true, Version: Terraform v1.12.2","timestamp":"2025-12-25T06:41:02.097Z"}
{"level":"info","message":"Checking tool: kubectl","timestamp":"2025-12-25T06:41:02.815Z"}
{"level":"warn","message":"kubectl not found in any standard path","timestamp":"2025-12-25T06:41:02.816Z"}
{"level":"info","message":"Tool check result: kubectl - Installed: false, Version: null","timestamp":"2025-12-25T06:41:02.816Z"}
{"level":"info","message":"Checking tool: kubectl","timestamp":"2025-12-25T06:41:05.488Z"}
{"level":"warn","message":"kubectl not found in any standard path","timestamp":"2025-12-25T06:41:05.489Z"}
{"level":"info","message":"Tool check result: kubectl - Installed: false, Version: null","timestamp":"2025-12-25T06:41:05.490Z"}
{"level":"info","message":"Server running on port 5000","timestamp":"2025-12-25T06:44:47.772Z"}
{"level":"info","message":"Server accessible at http://0.0.0.0:5000","timestamp":"2025-12-25T06:44:47.775Z"}
{"level":"info","message":"MongoDB connected successfully","timestamp":"2025-12-25T06:44:47.791Z"}
{"level":"info","message":"Checking tool: docker","timestamp":"2025-12-25T06:45:08.206Z"}
{"level":"info","message":"Tool check result: docker - Installed: true, Version: 28.0.1","timestamp":"2025-12-25T06:45:08.219Z"}
{"level":"info","message":"Checking tool: terraform","timestamp":"2025-12-25T06:45:08.954Z"}
{"level":"info","message":"Found terraform at /host/usr/bin/terraform","timestamp":"2025-12-25T06:45:08.955Z"}
{"level":"info","message":"Got version for terraform from /host/usr/bin/terraform: Terraform v1.12.2","timestamp":"2025-12-25T06:45:09.260Z"}
{"level":"info","message":"Tool check result: terraform - Installed: true, Version: Terraform v1.12.2","timestamp":"2025-12-25T06:45:09.260Z"}
{"level":"info","message":"Checking tool: kubectl","timestamp":"2025-12-25T06:45:10.448Z"}
{"level":"info","message":"Found minikube at /host/usr/local/bin/minikube, using for kubectl","timestamp":"2025-12-25T06:45:10.449Z"}
{"level":"warn","message":"Error getting minikube kubectl version: ENOENT: no such file or directory, access '/host/snap/bin/minikube'","timestamp":"2025-12-25T06:45:10.450Z"}
{"level":"warn","message":"Error getting minikube kubectl version: Command failed: /host/usr/local/bin/minikube version --short 2>&1\n","timestamp":"2025-12-25T06:45:10.455Z"}
{"level":"warn","message":"Error getting minikube kubectl version: ENOENT: no such file or directory, access '/host/usr/bin/minikube'","timestamp":"2025-12-25T06:45:10.456Z"}
{"level":"warn","message":"Error getting minikube kubectl version: ENOENT: no such file or directory, access '/host/bin/minikube'","timestamp":"2025-12-25T06:45:10.456Z"}
{"level":"info","message":"Tool check result: kubectl - Installed: true, Version: null","timestamp":"2025-12-25T06:45:10.457Z"}
{"level":"info","message":"Checking tool: helm","timestamp":"2025-12-25T06:45:13.153Z"}
{"level":"info","message":"Found helm at /host/usr/local/bin/helm","timestamp":"2025-12-25T06:45:13.154Z"}
{"level":"info","message":"Got version for helm from /host/usr/local/bin/helm: v3.17.1+g980d8ac","timestamp":"2025-12-25T06:45:13.204Z"}
{"level":"info","message":"Tool check result: helm - Installed: true, Version: v3.17.1+g980d8ac","timestamp":"2025-12-25T06:45:13.204Z"}
{"level":"info","message":"Checking tool: argocd","timestamp":"2025-12-25T06:45:14.199Z"}
{"level":"info","message":"Found argocd at /host/usr/local/bin/argocd","timestamp":"2025-12-25T06:45:14.199Z"}
{"level":"info","message":"Got version for argocd from /host/usr/local/bin/argocd: argocd: v3.0.11+240a183","timestamp":"2025-12-25T06:45:14.272Z"}
{"level":"info","message":"Tool check result: argocd - Installed: true, Version: argocd: v3.0.11+240a183","timestamp":"2025-12-25T06:45:14.273Z"}
{"level":"info","message":"Checking tool: ansible","timestamp":"2025-12-25T06:45:15.979Z"}
{"level":"info","message":"Found ansible at /host/usr/bin/ansible","timestamp":"2025-12-25T06:45:15.981Z"}
{"level":"info","message":"Got version for ansible from /host/usr/bin/ansible: /bin/sh: /host/usr/bin/ansible: not found","timestamp":"2025-12-25T06:45:15.985Z"}
{"level":"info","message":"Tool check result: ansible - Installed: true, Version: /bin/sh: /host/usr/bin/ansible: not found","timestamp":"2025-12-25T06:45:15.985Z"}
{"level":"info","message":"Checking tool: jenkins","timestamp":"2025-12-25T06:45:17.498Z"}
{"level":"warn","message":"jenkins not found in any standard path","timestamp":"2025-12-25T06:45:17.499Z"}
{"level":"info","message":"Tool check result: jenkins - Installed: false, Version: null","timestamp":"2025-12-25T06:45:17.500Z"}
{"level":"info","message":"Container stopped: bebe58ef4bee8ee52b63d363bc385b66d3a92a78bb77611f0a4b01ce43d86012","timestamp":"2025-12-25T06:45:42.314Z"}
{"level":"info","message":"Server running on port 5000","timestamp":"2025-12-25T07:24:47.523Z"}
{"level":"info","message":"Server accessible at http://0.0.0.0:5000","timestamp":"2025-12-25T07:24:47.525Z"}
{"level":"info","message":"MongoDB connected successfully","timestamp":"2025-12-25T07:24:47.548Z"}
{"level":"info","message":"User logged in: test@test.com","timestamp":"2025-12-25T07:27:28.688Z"}
{"level":"info","message":"Server running on port 5000","timestamp":"2025-12-25T15:51:39.539Z"}
{"level":"info","message":"Server accessible at http://0.0.0.0:5000","timestamp":"2025-12-25T15:51:39.545Z"}
{"level":"info","message":"MongoDB connected successfully","timestamp":"2025-12-25T15:51:39.594Z"}
{"level":"info","message":"New user registered: testestetset@test.com","timestamp":"2025-12-25T15:52:44.647Z"}
{"level":"info","message":"Checking tool: docker","timestamp":"2025-12-25T15:52:49.274Z"}
{"level":"info","message":"Tool check result: docker - Installed: true, Version: 28.0.1","timestamp":"2025-12-25T15:52:49.287Z"}
{"level":"info","message":"Checking tool: terraform","timestamp":"2025-12-25T15:52:49.890Z"}
{"level":"info","message":"Found terraform at /host/usr/bin/terraform","timestamp":"2025-12-25T15:52:49.890Z"}
{"level":"info","message":"Got version for terraform from /host/usr/bin/terraform: Terraform v1.12.2","timestamp":"2025-12-25T15:52:50.643Z"}
{"level":"info","message":"Tool check result: terraform - Installed: true, Version: Terraform v1.12.2","timestamp":"2025-12-25T15:52:50.643Z"}
{"level":"info","message":"Checking tool: kubectl","timestamp":"2025-12-25T15:52:51.189Z"}
{"level":"info","message":"Found minikube at /host/usr/local/bin/minikube, using for kubectl","timestamp":"2025-12-25T15:52:51.190Z"}
{"level":"warn","message":"Error getting minikube kubectl version: ENOENT: no such file or directory, access '/host/snap/bin/minikube'","timestamp":"2025-12-25T15:52:51.191Z"}
{"level":"warn","message":"Error getting minikube kubectl version: Command failed: /host/usr/local/bin/minikube version --short 2>&1\n","timestamp":"2025-12-25T15:52:51.198Z"}
{"level":"warn","message":"Error getting minikube kubectl version: ENOENT: no such file or directory, access '/host/usr/bin/minikube'","timestamp":"2025-12-25T15:52:51.199Z"}
{"level":"warn","message":"Error getting minikube kubectl version: ENOENT: no such file or directory, access '/host/bin/minikube'","timestamp":"2025-12-25T15:52:51.200Z"}
{"level":"info","message":"Tool check result: kubectl - Installed: true, Version: null","timestamp":"2025-12-25T15:52:51.200Z"}
{"level":"info","message":"Checking tool: helm","timestamp":"2025-12-25T15:52:51.840Z"}
{"level":"info","message":"Found helm at /host/usr/local/bin/helm","timestamp":"2025-12-25T15:52:51.841Z"}
{"level":"info","message":"Got version for helm from /host/usr/local/bin/helm: v3.17.1+g980d8ac","timestamp":"2025-12-25T15:52:52.085Z"}
{"level":"info","message":"Tool check result: helm - Installed: true, Version: v3.17.1+g980d8ac","timestamp":"2025-12-25T15:52:52.085Z"}
{"level":"info","message":"Checking tool: argocd","timestamp":"2025-12-25T15:52:52.671Z"}
{"level":"info","message":"Found argocd at /host/usr/local/bin/argocd","timestamp":"2025-12-25T15:52:52.672Z"}
{"level":"info","message":"Got version for argocd from /host/usr/local/bin/argocd: argocd: v3.0.11+240a183","timestamp":"2025-12-25T15:52:52.974Z"}
{"level":"info","message":"Tool check result: argocd - Installed: true, Version: argocd: v3.0.11+240a183","timestamp":"2025-12-25T15:52:52.974Z"}
{"level":"info","message":"Checking tool: ansible","timestamp":"2025-12-25T15:52:53.605Z"}
{"level":"info","message":"Found ansible at /host/usr/bin/ansible","timestamp":"2025-12-25T15:52:53.605Z"}
{"level":"info","message":"Got version for ansible from /host/usr/bin/ansible: /bin/sh: /host/usr/bin/ansible: not found","timestamp":"2025-12-25T15:52:53.609Z"}
{"level":"info","message":"Tool check result: ansible - Installed: true, Version: /bin/sh: /host/usr/bin/ansible: not found","timestamp":"2025-12-25T15:52:53.610Z"}
{"level":"info","message":"Checking tool: jenkins","timestamp":"2025-12-25T15:52:54.378Z"}
{"level":"warn","message":"jenkins not found in any standard path","timestamp":"2025-12-25T15:52:54.379Z"}
{"level":"info","message":"Tool check result: jenkins - Installed: false, Version: null","timestamp":"2025-12-25T15:52:54.379Z"}
{"level":"info","message":"Server running on port 5000","timestamp":"2025-12-26T08:24:05.593Z"}
{"level":"info","message":"Server accessible at http://0.0.0.0:5000","timestamp":"2025-12-26T08:24:05.599Z"}
{"level":"info","message":"MongoDB connected successfully","timestamp":"2025-12-26T08:24:06.162Z"}
{"level":"info","message":"New user registered: shayguedj1@gmail.com","timestamp":"2025-12-26T08:24:49.005Z"}
{"level":"info","message":"Checking tool: docker","timestamp":"2025-12-26T08:24:56.472Z"}
{"level":"info","message":"Tool check result: docker - Installed: true, Version: 28.0.1","timestamp":"2025-12-26T08:24:56.482Z"}
{"level":"info","message":"Checking tool: terraform","timestamp":"2025-12-26T08:24:56.949Z"}
{"level":"info","message":"Found terraform at /host/usr/bin/terraform","timestamp":"2025-12-26T08:24:56.950Z"}
{"level":"info","message":"Got version for terraform from /host/usr/bin/terraform: Terraform v1.12.2","timestamp":"2025-12-26T08:24:57.098Z"}
{"level":"info","message":"Tool check result: terraform - Installed: true, Version: Terraform v1.12.2","timestamp":"2025-12-26T08:24:57.098Z"}
{"level":"info","message":"Checking tool: kubectl","timestamp":"2025-12-26T08:24:57.912Z"}
{"level":"info","message":"Found minikube at /host/usr/local/bin/minikube, using for kubectl","timestamp":"2025-12-26T08:24:57.913Z"}
{"level":"warn","message":"Error getting minikube kubectl version: ENOENT: no such file or directory, access '/host/snap/bin/minikube'","timestamp":"2025-12-26T08:24:57.915Z"}
{"level":"warn","message":"Error getting minikube kubectl version: Command failed: /host/usr/local/bin/minikube version --short 2>&1\n","timestamp":"2025-12-26T08:24:57.918Z"}
{"level":"warn","message":"Error getting minikube kubectl version: ENOENT: no such file or directory, access '/host/usr/bin/minikube'","timestamp":"2025-12-26T08:24:57.918Z"}
{"level":"warn","message":"Error getting minikube kubectl version: ENOENT: no such file or directory, access '/host/bin/minikube'","timestamp":"2025-12-26T08:24:57.919Z"}
{"level":"info","message":"Tool check result: kubectl - Installed: true, Version: null","timestamp":"2025-12-26T08:24:57.919Z"}
{"level":"info","message":"Checking tool: helm","timestamp":"2025-12-26T08:24:58.552Z"}
{"level":"info","message":"Found helm at /host/usr/local/bin/helm","timestamp":"2025-12-26T08:24:58.553Z"}
{"level":"info","message":"Got version for helm from /host/usr/local/bin/helm: v3.17.1+g980d8ac","timestamp":"2025-12-26T08:24:58.660Z"}
{"level":"info","message":"Tool check result: helm - Installed: true, Version: v3.17.1+g980d8ac","timestamp":"2025-12-26T08:24:58.661Z"}
{"level":"info","message":"Checking tool: argocd","timestamp":"2025-12-26T08:24:59.187Z"}
{"level":"info","message":"Found argocd at /host/usr/local/bin/argocd","timestamp":"2025-12-26T08:24:59.187Z"}
{"level":"info","message":"Got version for argocd from /host/usr/local/bin/argocd: argocd: v3.0.11+240a183","timestamp":"2025-12-26T08:24:59.401Z"}
{"level":"info","message":"Tool check result: argocd - Installed: true, Version: argocd: v3.0.11+240a183","timestamp":"2025-12-26T08:24:59.401Z"}
{"level":"info","message":"Checking tool: ansible","timestamp":"2025-12-26T08:24:59.875Z"}
{"level":"info","message":"Found ansible at /host/usr/bin/ansible","timestamp":"2025-12-26T08:24:59.876Z"}
{"level":"info","message":"Got version for ansible from /host/usr/bin/ansible: /bin/sh: /host/usr/bin/ansible: not found","timestamp":"2025-12-26T08:24:59.880Z"}
{"level":"info","message":"Tool check result: ansible - Installed: true, Version: /bin/sh: /host/usr/bin/ansible: not found","timestamp":"2025-12-26T08:24:59.880Z"}
{"level":"info","message":"Checking tool: jenkins","timestamp":"2025-12-26T08:25:00.856Z"}
{"level":"warn","message":"jenkins not found in any standard path","timestamp":"2025-12-26T08:25:00.857Z"}
{"level":"info","message":"Tool check result: jenkins - Installed: false, Version: null","timestamp":"2025-12-26T08:25:00.858Z"}
{"level":"info","message":"Container stopped: e11ab66d0aee466a348105ed47b7f374428dc9a224fd2c788920e3147fd4bcad","timestamp":"2025-12-26T08:26:44.461Z"}
{"level":"info","message":"Container stopped: e11ab66d0aee466a348105ed47b7f374428dc9a224fd2c788920e3147fd4bcad","timestamp":"2025-12-26T08:26:44.463Z"}
{"json":{"data":[],"type":"Buffer"},"level":"error","message":"Stop container error: (HTTP code 304) container already stopped -  ","reason":"container already stopped","stack":"Error: (HTTP code 304) container already stopped -  \n    at /app/node_modules/docker-modem/lib/modem.js:383:17\n    at getCause (/app/node_modules/docker-modem/lib/modem.js:418:7)\n    at Modem.buildPayload (/app/node_modules/docker-modem/lib/modem.js:379:5)\n    at IncomingMessage.<anonymous> (/app/node_modules/docker-modem/lib/modem.js:347:16)\n    at IncomingMessage.emit (node:events:529:35)\n    at endReadableNT (node:internal/streams/readable:1400:12)\n    at process.processTicksAndRejections (node:internal/process/task_queues:82:21)","statusCode":304,"timestamp":"2025-12-26T08:26:44.496Z"}
{"level":"info","message":"Server running on port 5000","timestamp":"2025-12-26T08:31:57.201Z"}
{"level":"info","message":"Server accessible at http://0.0.0.0:5000","timestamp":"2025-12-26T08:31:57.207Z"}
{"level":"info","message":"MongoDB connected successfully","timestamp":"2025-12-26T08:31:57.229Z"}
{"level":"info","message":"New user registered: test@test.com","timestamp":"2025-12-26T08:32:11.991Z"}
{"level":"info","message":"Container stopped: 7f63e15977b81162b709a22e24fd238898055f243084a4da3caebaf4558fbbfb","timestamp":"2025-12-26T08:32:46.716Z"}
{"level":"info","message":"Server running on port 5000","timestamp":"2025-12-26T08:35:30.305Z"}
{"level":"info","message":"Server accessible at http://0.0.0.0:5000","timestamp":"2025-12-26T08:35:30.307Z"}
{"level":"info","message":"MongoDB connected successfully","timestamp":"2025-12-26T08:35:30.327Z"}
{"level":"info","message":"User logged in: test@test.com","timestamp":"2025-12-26T08:35:36.831Z"}
{"level":"info","message":"Server running on port 5000","timestamp":"2025-12-26T09:11:41.091Z"}
{"level":"info","message":"Server accessible at http://0.0.0.0:5000","timestamp":"2025-12-26T09:11:41.094Z"}
{"level":"info","message":"MongoDB connected successfully","timestamp":"2025-12-26T09:11:41.119Z"}
{"level":"info","message":"New user registered: test@test.com","timestamp":"2025-12-26T09:12:05.101Z"}
{"level":"info","message":"Checking tool: docker","timestamp":"2025-12-26T09:12:10.287Z"}
{"level":"info","message":"Tool check result: docker - Installed: true, Version: 28.0.1","timestamp":"2025-12-26T09:12:10.299Z"}
{"level":"info","message":"Checking tool: terraform","timestamp":"2025-12-26T09:12:13.873Z"}
{"level":"info","message":"Found terraform at /host/usr/bin/terraform","timestamp":"2025-12-26T09:12:13.874Z"}
{"level":"info","message":"Got version for terraform from /host/usr/bin/terraform: Terraform v1.12.2","timestamp":"2025-12-26T09:12:14.689Z"}
{"level":"info","message":"Tool check result: terraform - Installed: true, Version: Terraform v1.12.2","timestamp":"2025-12-26T09:12:14.690Z"}
{"level":"info","message":"Checking tool: kubectl","timestamp":"2025-12-26T09:12:15.258Z"}
{"level":"info","message":"Found minikube at /host/usr/local/bin/minikube, using for kubectl","timestamp":"2025-12-26T09:12:15.260Z"}
{"level":"warn","message":"Error getting minikube kubectl version: ENOENT: no such file or directory, access '/host/snap/bin/minikube'","timestamp":"2025-12-26T09:12:15.261Z"}
{"level":"warn","message":"Error getting minikube kubectl version: Command failed: /host/usr/local/bin/minikube version --short 2>&1\n","timestamp":"2025-12-26T09:12:15.267Z"}
{"level":"warn","message":"Error getting minikube kubectl version: ENOENT: no such file or directory, access '/host/usr/bin/minikube'","timestamp":"2025-12-26T09:12:15.268Z"}
{"level":"warn","message":"Error getting minikube kubectl version: ENOENT: no such file or directory, access '/host/bin/minikube'","timestamp":"2025-12-26T09:12:15.269Z"}
{"level":"info","message":"Tool check result: kubectl - Installed: true, Version: null","timestamp":"2025-12-26T09:12:15.269Z"}
{"level":"info","message":"Checking tool: helm","timestamp":"2025-12-26T09:12:16.031Z"}
{"level":"info","message":"Found helm at /host/usr/local/bin/helm","timestamp":"2025-12-26T09:12:16.032Z"}
{"level":"info","message":"Got version for helm from /host/usr/local/bin/helm: v3.17.1+g980d8ac","timestamp":"2025-12-26T09:12:16.187Z"}
{"level":"info","message":"Tool check result: helm - Installed: true, Version: v3.17.1+g980d8ac","timestamp":"2025-12-26T09:12:16.187Z"}
{"level":"info","message":"Checking tool: argocd","timestamp":"2025-12-26T09:12:16.951Z"}
{"level":"info","message":"Found argocd at /host/usr/local/bin/argocd","timestamp":"2025-12-26T09:12:16.951Z"}
{"level":"info","message":"Got version for argocd from /host/usr/local/bin/argocd: argocd: v3.0.11+240a183","timestamp":"2025-12-26T09:12:17.296Z"}
{"level":"info","message":"Tool check result: argocd - Installed: true, Version: argocd: v3.0.11+240a183","timestamp":"2025-12-26T09:12:17.297Z"}
{"level":"info","message":"Checking tool: ansible","timestamp":"2025-12-26T09:12:18.699Z"}
{"level":"info","message":"Found ansible at /host/usr/bin/ansible","timestamp":"2025-12-26T09:12:18.700Z"}
{"level":"info","message":"Got version for ansible from /host/usr/bin/ansible: /bin/sh: /host/usr/bin/ansible: not found","timestamp":"2025-12-26T09:12:18.703Z"}
{"level":"info","message":"Tool check result: ansible - Installed: true, Version: /bin/sh: /host/usr/bin/ansible: not found","timestamp":"2025-12-26T09:12:18.703Z"}
{"level":"info","message":"Checking tool: jenkins","timestamp":"2025-12-26T09:12:19.545Z"}
{"level":"warn","message":"jenkins not found in any standard path","timestamp":"2025-12-26T09:12:19.546Z"}
{"level":"info","message":"Tool check result: jenkins - Installed: false, Version: null","timestamp":"2025-12-26T09:12:19.546Z"}
{"level":"info","message":"Server running on port 5000","timestamp":"2025-12-26T09:29:41.002Z"}
{"level":"info","message":"Server accessible at http://0.0.0.0:5000","timestamp":"2025-12-26T09:29:41.005Z"}
{"level":"info","message":"MongoDB connected successfully","timestamp":"2025-12-26T09:29:41.022Z"}
{"level":"info","message":"Docker file saved to /tmp/docker-1766741408694/Dockerfile","timestamp":"2025-12-26T09:30:08.695Z"}
{"level":"info","message":"Docker file saved to /tmp/docker-1766741417921/Dockerfile","timestamp":"2025-12-26T09:30:17.923Z"}
{"level":"info","message":"Server running on port 5000","timestamp":"2025-12-26T09:50:07.621Z"}
{"level":"info","message":"Server accessible at http://0.0.0.0:5000","timestamp":"2025-12-26T09:50:07.625Z"}
{"level":"info","message":"MongoDB connected successfully","timestamp":"2025-12-26T09:50:07.645Z"}
{"level":"info","message":"Dockerfile saved to /generator/docker/Dockerfile","timestamp":"2025-12-26T09:50:20.553Z"}
{"level":"info","message":"Server running on port 5000","timestamp":"2025-12-26T09:55:41.096Z"}
{"level":"info","message":"Server accessible at http://0.0.0.0:5000","timestamp":"2025-12-26T09:55:41.100Z"}
{"level":"info","message":"MongoDB connected successfully","timestamp":"2025-12-26T09:55:41.139Z"}
{"level":"info","message":"Dockerfile saved to /generator/docker/Dockerfile","timestamp":"2025-12-26T09:55:51.290Z"}
{"level":"info","message":"Dockerfile saved to /generator/docker/Dockerfile","timestamp":"2025-12-26T09:56:20.290Z"}
{"level":"info","message":"Dockerfile saved to /generator/docker/Dockerfile","timestamp":"2025-12-26T09:57:39.129Z"}
{"level":"info","message":"Server running on port 5000","timestamp":"2025-12-26T10:05:17.446Z"}
{"level":"info","message":"Server accessible at http://0.0.0.0:5000","timestamp":"2025-12-26T10:05:17.449Z"}
{"level":"info","message":"MongoDB connected successfully","timestamp":"2025-12-26T10:05:17.469Z"}
{"level":"info","message":"Checking tool: docker","timestamp":"2025-12-26T10:05:21.808Z"}
{"level":"info","message":"Tool check result: docker - Installed: true, Version: 28.0.1","timestamp":"2025-12-26T10:05:21.817Z"}
{"level":"info","message":"Dockerfile saved to /generator/docker/Dockerfile","timestamp":"2025-12-26T10:05:27.214Z"}
{"level":"info","message":"Dockerfile saved to /generator/docker/Dockerfile","timestamp":"2025-12-26T10:05:43.246Z"}
{"level":"info","message":"Dockerfile saved to /generator/docker/Dockerfile","timestamp":"2025-12-26T10:06:14.475Z"}
{"level":"info","message":"Server running on port 5000","timestamp":"2025-12-26T10:10:58.530Z"}
{"level":"info","message":"Server accessible at http://0.0.0.0:5000","timestamp":"2025-12-26T10:10:58.533Z"}
{"level":"info","message":"MongoDB connected successfully","timestamp":"2025-12-26T10:10:58.563Z"}
{"level":"info","message":"Checking tool: docker","timestamp":"2025-12-26T10:11:03.736Z"}
{"level":"info","message":"Tool check result: docker - Installed: true, Version: 28.0.1","timestamp":"2025-12-26T10:11:03.746Z"}
{"level":"info","message":"Dockerfile saved to /generator/docker/Dockerfile","timestamp":"2025-12-26T10:11:08.785Z"}
{"level":"info","message":"Dockerfile saved to /generator/docker/Dockerfile","timestamp":"2025-12-26T10:11:33.910Z"}
{"level":"info","message":"Server running on port 5000","timestamp":"2025-12-26T10:18:24.707Z"}
{"level":"info","message":"Server accessible at http://0.0.0.0:5000","timestamp":"2025-12-26T10:18:24.709Z"}
{"level":"info","message":"MongoDB connected successfully","timestamp":"2025-12-26T10:18:24.737Z"}
{"level":"info","message":"Checking tool: docker","timestamp":"2025-12-26T10:18:29.206Z"}
{"level":"info","message":"Tool check result: docker - Installed: true, Version: 28.0.1","timestamp":"2025-12-26T10:18:29.216Z"}
{"level":"info","message":"Dockerfile saved to /generator/docker/Dockerfile","timestamp":"2025-12-26T10:18:38.218Z"}
{"level":"info","message":"Server running on port 5000","timestamp":"2025-12-26T10:19:35.296Z"}
{"level":"info","message":"Server accessible at http://0.0.0.0:5000","timestamp":"2025-12-26T10:19:35.298Z"}
{"level":"info","message":"MongoDB connected successfully","timestamp":"2025-12-26T10:19:35.319Z"}
{"level":"info","message":"Docker deployment - Mode: deploy-and-run, Port: 5555","timestamp":"2025-12-26T10:20:06.213Z"}
{"level":"info","message":"Dockerfile saved to /generator/docker/Dockerfile","timestamp":"2025-12-26T10:20:06.215Z"}
{"json":{"data":[],"type":"Buffer"},"level":"error","message":"Start container error: (HTTP code 304) container already started -  ","reason":"container already started","stack":"Error: (HTTP code 304) container already started -  \n    at /app/node_modules/docker-modem/lib/modem.js:383:17\n    at getCause (/app/node_modules/docker-modem/lib/modem.js:418:7)\n    at Modem.buildPayload (/app/node_modules/docker-modem/lib/modem.js:379:5)\n    at IncomingMessage.<anonymous> (/app/node_modules/docker-modem/lib/modem.js:347:16)\n    at IncomingMessage.emit (node:events:529:35)\n    at endReadableNT (node:internal/streams/readable:1400:12)\n    at process.processTicksAndRejections (node:internal/process/task_queues:82:21)","statusCode":304,"timestamp":"2025-12-26T10:20:19.239Z"}
{"level":"info","message":"Server running on port 5000","timestamp":"2025-12-26T10:29:43.242Z"}
{"level":"info","message":"Server accessible at http://0.0.0.0:5000","timestamp":"2025-12-26T10:29:43.247Z"}
{"level":"info","message":"MongoDB connected successfully","timestamp":"2025-12-26T10:29:43.278Z"}
{"json":{"data":[],"type":"Buffer"},"level":"error","message":"Start container error: (HTTP code 304) container already started -  ","reason":"container already started","stack":"Error: (HTTP code 304) container already started -  \n    at /app/node_modules/docker-modem/lib/modem.js:383:17\n    at getCause (/app/node_modules/docker-modem/lib/modem.js:418:7)\n    at Modem.buildPayload (/app/node_modules/docker-modem/lib/modem.js:379:5)\n    at IncomingMessage.<anonymous> (/app/node_modules/docker-modem/lib/modem.js:347:16)\n    at IncomingMessage.emit (node:events:529:35)\n    at endReadableNT (node:internal/streams/readable:1400:12)\n    at process.processTicksAndRejections (node:internal/process/task_queues:82:21)","statusCode":304,"timestamp":"2025-12-26T10:29:52.535Z"}
{"level":"info","message":"Docker deployment - Mode: deploy-and-run, Port: 3010","timestamp":"2025-12-26T10:31:21.665Z"}
{"level":"info","message":"Dockerfile saved to /generator/docker/Dockerfile","timestamp":"2025-12-26T10:31:21.666Z"}
{"level":"info","message":"Server running on port 5000","timestamp":"2025-12-26T10:32:15.929Z"}
{"level":"info","message":"Server accessible at http://0.0.0.0:5000","timestamp":"2025-12-26T10:32:15.932Z"}
{"level":"info","message":"MongoDB connected successfully","timestamp":"2025-12-26T10:32:15.963Z"}
{"level":"info","message":"New user registered: test@test.com","timestamp":"2025-12-26T10:32:48.723Z"}
{"level":"info","message":"Docker deployment - Mode: deploy-and-run, Port: 3010","timestamp":"2025-12-26T10:34:27.755Z"}
{"level":"info","message":"Dockerfile saved to /generator/docker/Dockerfile","timestamp":"2025-12-26T10:34:27.758Z"}
{"level":"info","message":"Container stopped: 682b51306260762cecc5ebf8d4e7cb161e8b671782b4036df72333424d07e61a","timestamp":"2025-12-26T10:34:52.876Z"}
{"level":"info","message":"Container stopped: 558ee6ae51fe472fa29fe1c5f9c7bcd10dcecac6d3257640cfe59830d066c90f","timestamp":"2025-12-26T10:35:12.450Z"}
{"level":"info","message":"Server running on port 5000","timestamp":"2025-12-26T10:35:34.676Z"}
{"level":"info","message":"Server accessible at http://0.0.0.0:5000","timestamp":"2025-12-26T10:35:34.679Z"}
{"level":"info","message":"MongoDB connected successfully","timestamp":"2025-12-26T10:35:34.702Z"}
{"level":"info","message":"Container started: 682b51306260762cecc5ebf8d4e7cb161e8b671782b4036df72333424d07e61a","timestamp":"2025-12-26T10:35:39.263Z"}
{"level":"info","message":"User logged in: test@test.com","timestamp":"2025-12-26T10:36:43.258Z"}
{"level":"info","message":"Container stopped: 682b51306260762cecc5ebf8d4e7cb161e8b671782b4036df72333424d07e61a","timestamp":"2025-12-26T10:39:53.907Z"}
{"level":"info","message":"Checking tool: terraform","timestamp":"2025-12-26T10:41:39.322Z"}
{"level":"info","message":"Found terraform at /host/usr/bin/terraform","timestamp":"2025-12-26T10:41:39.323Z"}
{"level":"info","message":"Got version for terraform from /host/usr/bin/terraform: Terraform v1.12.2","timestamp":"2025-12-26T10:41:39.926Z"}
{"level":"info","message":"Tool check result: terraform - Installed: true, Version: Terraform v1.12.2","timestamp":"2025-12-26T10:41:39.927Z"}
{"level":"info","message":"Server running on port 5000","timestamp":"2025-12-26T10:55:24.275Z"}
{"level":"info","message":"Server accessible at http://0.0.0.0:5000","timestamp":"2025-12-26T10:55:24.278Z"}
{"level":"info","message":"MongoDB connected successfully","timestamp":"2025-12-26T10:55:24.298Z"}
{"level":"info","message":"Container started: 682b51306260762cecc5ebf8d4e7cb161e8b671782b4036df72333424d07e61a","timestamp":"2025-12-26T10:55:34.674Z"}
{"level":"info","message":"Container stopped: 682b51306260762cecc5ebf8d4e7cb161e8b671782b4036df72333424d07e61a","timestamp":"2025-12-26T10:56:01.469Z"}
{"level":"info","message":"Attempting to delete container: 682b51306260762cecc5ebf8d4e7cb161e8b671782b4036df72333424d07e61a","timestamp":"2025-12-26T10:56:14.572Z"}
{"level":"info","message":"Container deleted successfully: 682b51306260762cecc5ebf8d4e7cb161e8b671782b4036df72333424d07e61a","timestamp":"2025-12-26T10:56:14.595Z"}
{"level":"info","message":"Docker deployment - Mode: deploy-and-run, Port: 3010","timestamp":"2025-12-26T10:56:57.829Z"}
{"level":"info","message":"Dockerfile saved to /generator/docker/Dockerfile","timestamp":"2025-12-26T10:56:57.834Z"}
{"level":"info","message":"Server running on port 5000","timestamp":"2025-12-26T11:00:16.998Z"}
{"level":"info","message":"Server accessible at http://0.0.0.0:5000","timestamp":"2025-12-26T11:00:17.002Z"}
{"level":"info","message":"MongoDB connected successfully","timestamp":"2025-12-26T11:00:17.024Z"}
{"level":"info","message":"Docker deployment - Mode: deploy-and-run, Port: 1111","timestamp":"2025-12-26T11:00:51.397Z"}
{"level":"info","message":"Dockerfile saved to /generator/docker/Dockerfile","timestamp":"2025-12-26T11:00:51.398Z"}
{"level":"info","message":"Container stopped: 06f0363c8169da317dd8ae848fefd08ccc45240c8a8495d7da9ff27bc03d5567","timestamp":"2025-12-26T11:01:11.788Z"}
{"level":"info","message":"Container stopped: 3a9b3f0d6a0b30b0ba4b5a07a82bf03d0eaf18684b010157d7edc60c982231b8","timestamp":"2025-12-26T11:01:13.117Z"}
{"level":"info","message":"Attempting to delete container: 06f0363c8169da317dd8ae848fefd08ccc45240c8a8495d7da9ff27bc03d5567","timestamp":"2025-12-26T11:01:18.824Z"}
{"level":"info","message":"Container deleted successfully: 06f0363c8169da317dd8ae848fefd08ccc45240c8a8495d7da9ff27bc03d5567","timestamp":"2025-12-26T11:01:18.847Z"}
{"level":"info","message":"Attempting to delete container: 3a9b3f0d6a0b30b0ba4b5a07a82bf03d0eaf18684b010157d7edc60c982231b8","timestamp":"2025-12-26T11:01:21.332Z"}
{"level":"info","message":"Container deleted successfully: 3a9b3f0d6a0b30b0ba4b5a07a82bf03d0eaf18684b010157d7edc60c982231b8","timestamp":"2025-12-26T11:01:21.357Z"}
{"level":"info","message":"Server running on port 5000","timestamp":"2025-12-26T11:15:53.883Z"}
{"level":"info","message":"Server accessible at http://0.0.0.0:5000","timestamp":"2025-12-26T11:15:53.888Z"}
{"level":"info","message":"MongoDB connected successfully","timestamp":"2025-12-26T11:15:53.918Z"}
{"level":"info","message":"Server running on port 5000","timestamp":"2025-12-26T11:24:26.210Z"}
{"level":"info","message":"Server accessible at http://0.0.0.0:5000","timestamp":"2025-12-26T11:24:26.212Z"}
{"level":"info","message":"MongoDB connected successfully","timestamp":"2025-12-26T11:24:26.229Z"}
{"level":"info","message":"Server running on port 5000","timestamp":"2025-12-26T11:36:15.416Z"}
{"level":"info","message":"Server accessible at http://0.0.0.0:5000","timestamp":"2025-12-26T11:36:15.420Z"}
{"level":"info","message":"MongoDB connected successfully","timestamp":"2025-12-26T11:36:15.442Z"}
{"level":"info","message":"Server running on port 5000","timestamp":"2025-12-26T15:12:11.208Z"}
{"level":"info","message":"Server accessible at http://0.0.0.0:5000","timestamp":"2025-12-26T15:12:11.211Z"}
{"level":"info","message":"MongoDB connected successfully","timestamp":"2025-12-26T15:12:11.239Z"}
{"level":"info","message":"Server running on port 5000","timestamp":"2025-12-27T10:08:12.081Z"}
{"level":"info","message":"Server accessible at http://0.0.0.0:5000","timestamp":"2025-12-27T10:08:12.083Z"}
{"level":"info","message":"MongoDB connected successfully","timestamp":"2025-12-27T10:08:12.106Z"}
{"level":"info","message":"New user registered: test@test.com","timestamp":"2025-12-27T10:08:23.915Z"}
{"level":"info","message":"Checking tool: docker","timestamp":"2025-12-27T10:08:25.825Z"}
{"level":"info","message":"Tool check result: docker - Installed: true, Version: 28.0.1","timestamp":"2025-12-27T10:08:25.836Z"}
{"level":"info","message":"Checking tool: terraform","timestamp":"2025-12-27T10:08:26.519Z"}
{"level":"info","message":"Found terraform at /host/usr/bin/terraform","timestamp":"2025-12-27T10:08:26.520Z"}
{"level":"info","message":"Got version for terraform from /host/usr/bin/terraform: Terraform v1.12.2","timestamp":"2025-12-27T10:08:27.066Z"}
{"level":"info","message":"Tool check result: terraform - Installed: true, Version: Terraform v1.12.2","timestamp":"2025-12-27T10:08:27.066Z"}
{"level":"info","message":"Checking tool: kubectl","timestamp":"2025-12-27T10:08:27.562Z"}
{"level":"info","message":"Found minikube at /host/usr/local/bin/minikube, using for kubectl","timestamp":"2025-12-27T10:08:27.563Z"}
{"level":"warn","message":"Error getting minikube kubectl version: ENOENT: no such file or directory, access '/host/snap/bin/minikube'","timestamp":"2025-12-27T10:08:27.564Z"}
{"level":"warn","message":"Error getting minikube kubectl version: Command failed: /host/usr/local/bin/minikube version --short 2>&1\n","timestamp":"2025-12-27T10:08:27.572Z"}
{"level":"warn","message":"Error getting minikube kubectl version: ENOENT: no such file or directory, access '/host/usr/bin/minikube'","timestamp":"2025-12-27T10:08:27.572Z"}
{"level":"warn","message":"Error getting minikube kubectl version: ENOENT: no such file or directory, access '/host/bin/minikube'","timestamp":"2025-12-27T10:08:27.573Z"}
{"level":"info","message":"Tool check result: kubectl - Installed: true, Version: null","timestamp":"2025-12-27T10:08:27.573Z"}
{"level":"info","message":"Checking tool: helm","timestamp":"2025-12-27T10:08:28.116Z"}
{"level":"info","message":"Found helm at /host/usr/local/bin/helm","timestamp":"2025-12-27T10:08:28.117Z"}
{"level":"info","message":"Got version for helm from /host/usr/local/bin/helm: v3.17.1+g980d8ac","timestamp":"2025-12-27T10:08:28.418Z"}
{"level":"info","message":"Tool check result: helm - Installed: true, Version: v3.17.1+g980d8ac","timestamp":"2025-12-27T10:08:28.419Z"}
{"level":"info","message":"Checking tool: argocd","timestamp":"2025-12-27T10:08:29.133Z"}
{"level":"info","message":"Found argocd at /host/usr/local/bin/argocd","timestamp":"2025-12-27T10:08:29.134Z"}
{"level":"info","message":"Got version for argocd from /host/usr/local/bin/argocd: argocd: v3.0.11+240a183","timestamp":"2025-12-27T10:08:29.848Z"}
{"level":"info","message":"Tool check result: argocd - Installed: true, Version: argocd: v3.0.11+240a183","timestamp":"2025-12-27T10:08:29.848Z"}
{"level":"info","message":"Checking tool: ansible","timestamp":"2025-12-27T10:08:30.387Z"}
{"level":"info","message":"Found ansible at /host/usr/bin/ansible","timestamp":"2025-12-27T10:08:30.388Z"}
{"level":"info","message":"Got version for ansible from /host/usr/bin/ansible: /bin/sh: /host/usr/bin/ansible: not found","timestamp":"2025-12-27T10:08:30.393Z"}
{"level":"info","message":"Tool check result: ansible - Installed: true, Version: /bin/sh: /host/usr/bin/ansible: not found","timestamp":"2025-12-27T10:08:30.393Z"}
{"level":"info","message":"Checking tool: jenkins","timestamp":"2025-12-27T10:08:31.351Z"}
{"level":"warn","message":"jenkins not found in any standard path","timestamp":"2025-12-27T10:08:31.352Z"}
{"level":"info","message":"Tool check result: jenkins - Installed: false, Version: null","timestamp":"2025-12-27T10:08:31.352Z"}
{"level":"info","message":"Docker deployment - Mode: deploy-and-run, Port: 3010","timestamp":"2025-12-27T10:09:35.519Z"}
{"level":"info","message":"Dockerfile saved to /generator/docker/Dockerfile","timestamp":"2025-12-27T10:09:35.523Z"}
{"level":"info","message":"Container stopped: 809e0ef91add2408d2d12a278096bc21f7986bae1881acbbfa5cbe41a8918f64","timestamp":"2025-12-27T10:09:53.570Z"}
{"level":"info","message":"Attempting to delete container: 809e0ef91add2408d2d12a278096bc21f7986bae1881acbbfa5cbe41a8918f64","timestamp":"2025-12-27T10:09:59.256Z"}
{"level":"info","message":"Container deleted successfully: 809e0ef91add2408d2d12a278096bc21f7986bae1881acbbfa5cbe41a8918f64","timestamp":"2025-12-27T10:09:59.293Z"}
{"level":"info","message":"Server running on port 5000","timestamp":"2025-12-27T10:16:44.636Z"}
{"level":"info","message":"Server accessible at http://0.0.0.0:5000","timestamp":"2025-12-27T10:16:44.639Z"}
{"level":"info","message":"MongoDB connected successfully","timestamp":"2025-12-27T10:16:44.671Z"}
{"level":"info","message":"Server running on port 5000","timestamp":"2025-12-27T10:29:36.400Z"}
{"level":"info","message":"Server accessible at http://0.0.0.0:5000","timestamp":"2025-12-27T10:29:36.401Z"}
{"level":"info","message":"MongoDB connected successfully","timestamp":"2025-12-27T10:29:36.421Z"}
{"level":"info","message":"Checking tool: docker","timestamp":"2025-12-27T10:29:39.095Z"}
{"level":"info","message":"Tool check result: docker - Installed: true, Version: 28.0.1","timestamp":"2025-12-27T10:29:39.105Z"}
{"level":"info","message":"Starting Dockerfile validation with dry run","timestamp":"2025-12-27T10:30:00.690Z"}
{"cmd":"docker build -t dockerfile-validation-1766831400690 /tmp/dockerfile-validation-1766831400690","code":127,"killed":false,"level":"error","message":"Docker build validation failed: Command failed: docker build -t dockerfile-validation-1766831400690 /tmp/dockerfile-validation-1766831400690\n/bin/sh: docker: not found\n","signal":null,"stack":"Error: Command failed: docker build -t dockerfile-validation-1766831400690 /tmp/dockerfile-validation-1766831400690\n/bin/sh: docker: not found\n\n    at ChildProcess.exithandler (node:child_process:422:12)\n    at ChildProcess.emit (node:events:517:28)\n    at maybeClose (node:internal/child_process:1098:16)\n    at Socket.<anonymous> (node:internal/child_process:450:11)\n    at Socket.emit (node:events:517:28)\n    at Pipe.<anonymous> (node:net:350:12)","stderr":"/bin/sh: docker: not found\n","stdout":"","timestamp":"2025-12-27T10:30:00.701Z"}
{"level":"info","message":"Docker deployment - Mode: deploy-and-run, Port: 3010","timestamp":"2025-12-27T10:30:35.489Z"}
{"level":"info","message":"Dockerfile saved to /generator/docker/Dockerfile","timestamp":"2025-12-27T10:30:35.491Z"}
{"level":"info","message":"Container stopped: 52698e5163e8126267d923130a93fe441cee8d23251b42a4298eb1d6d20aaf91","timestamp":"2025-12-27T10:30:51.508Z"}
{"level":"info","message":"Attempting to delete container: 52698e5163e8126267d923130a93fe441cee8d23251b42a4298eb1d6d20aaf91","timestamp":"2025-12-27T10:31:11.371Z"}
{"level":"info","message":"Container deleted successfully: 52698e5163e8126267d923130a93fe441cee8d23251b42a4298eb1d6d20aaf91","timestamp":"2025-12-27T10:31:11.393Z"}
{"level":"info","message":"Server running on port 5000","timestamp":"2025-12-27T10:34:59.855Z"}
{"level":"info","message":"Server accessible at http://0.0.0.0:5000","timestamp":"2025-12-27T10:34:59.858Z"}
{"level":"info","message":"MongoDB connected successfully","timestamp":"2025-12-27T10:34:59.904Z"}
{"level":"info","message":"Starting Dockerfile validation with dockerode","timestamp":"2025-12-27T10:35:09.850Z"}
{"level":"info","message":"Building validation image: dockerfile-validation-1766831709850","timestamp":"2025-12-27T10:35:09.854Z"}
{"level":"info","message":"Docker build validation succeeded","timestamp":"2025-12-27T10:35:09.864Z"}
{"json":{"message":"No such image: dockerfile-validation-1766831709850:latest"},"level":"error","message":"Error removing validation image: (HTTP code 404) no such image - No such image: dockerfile-validation-1766831709850:latest ","reason":"no such image","stack":"Error: (HTTP code 404) no such image - No such image: dockerfile-validation-1766831709850:latest \n    at /app/node_modules/docker-modem/lib/modem.js:383:17\n    at getCause (/app/node_modules/docker-modem/lib/modem.js:418:7)\n    at Modem.buildPayload (/app/node_modules/docker-modem/lib/modem.js:379:5)\n    at IncomingMessage.<anonymous> (/app/node_modules/docker-modem/lib/modem.js:347:16)\n    at IncomingMessage.emit (node:events:529:35)\n    at endReadableNT (node:internal/streams/readable:1400:12)\n    at process.processTicksAndRejections (node:internal/process/task_queues:82:21)","statusCode":404,"timestamp":"2025-12-27T10:35:09.868Z"}
{"level":"info","message":"Starting Dockerfile validation with dockerode","timestamp":"2025-12-27T10:35:21.397Z"}
{"level":"info","message":"Building validation image: dockerfile-validation-1766831721397","timestamp":"2025-12-27T10:35:21.400Z"}
{"level":"info","message":"Docker build validation succeeded","timestamp":"2025-12-27T10:35:21.408Z"}
{"json":{"message":"No such image: dockerfile-validation-1766831721397:latest"},"level":"error","message":"Error removing validation image: (HTTP code 404) no such image - No such image: dockerfile-validation-1766831721397:latest ","reason":"no such image","stack":"Error: (HTTP code 404) no such image - No such image: dockerfile-validation-1766831721397:latest \n    at /app/node_modules/docker-modem/lib/modem.js:383:17\n    at getCause (/app/node_modules/docker-modem/lib/modem.js:418:7)\n    at Modem.buildPayload (/app/node_modules/docker-modem/lib/modem.js:379:5)\n    at IncomingMessage.<anonymous> (/app/node_modules/docker-modem/lib/modem.js:347:16)\n    at IncomingMessage.emit (node:events:529:35)\n    at endReadableNT (node:internal/streams/readable:1400:12)\n    at process.processTicksAndRejections (node:internal/process/task_queues:82:21)","statusCode":404,"timestamp":"2025-12-27T10:35:21.412Z"}
{"level":"info","message":"Starting Dockerfile validation with dockerode","timestamp":"2025-12-27T10:35:55.710Z"}
{"level":"info","message":"Building validation image: dockerfile-validation-1766831755710","timestamp":"2025-12-27T10:35:55.712Z"}
{"json":null,"level":"error","message":"Docker build validation failed: (HTTP code 400) unexpected - dockerfile parse error on line 7: unknown instruction: EXPOSE1 (did you mean EXPOSE?) ","stack":"Error: (HTTP code 400) unexpected - dockerfile parse error on line 7: unknown instruction: EXPOSE1 (did you mean EXPOSE?) \n    at /app/node_modules/docker-modem/lib/modem.js:383:17\n    at handler (/app/node_modules/docker-modem/lib/modem.js:426:11)\n    at IncomingMessage.<anonymous> (/app/node_modules/docker-modem/lib/modem.js:415:9)\n    at IncomingMessage.emit (node:events:529:35)\n    at endReadableNT (node:internal/streams/readable:1400:12)\n    at process.processTicksAndRejections (node:internal/process/task_queues:82:21)","statusCode":400,"timestamp":"2025-12-27T10:35:55.723Z"}
{"level":"info","message":"Starting Dockerfile validation with dockerode","timestamp":"2025-12-27T10:36:12.026Z"}
{"level":"info","message":"Building validation image: dockerfile-validation-1766831772026","timestamp":"2025-12-27T10:36:12.028Z"}
{"level":"info","message":"Docker build validation succeeded","timestamp":"2025-12-27T10:36:13.834Z"}
{"json":{"message":"No such image: dockerfile-validation-1766831772026:latest"},"level":"error","message":"Error removing validation image: (HTTP code 404) no such image - No such image: dockerfile-validation-1766831772026:latest ","reason":"no such image","stack":"Error: (HTTP code 404) no such image - No such image: dockerfile-validation-1766831772026:latest \n    at /app/node_modules/docker-modem/lib/modem.js:383:17\n    at getCause (/app/node_modules/docker-modem/lib/modem.js:418:7)\n    at Modem.buildPayload (/app/node_modules/docker-modem/lib/modem.js:379:5)\n    at IncomingMessage.<anonymous> (/app/node_modules/docker-modem/lib/modem.js:347:16)\n    at IncomingMessage.emit (node:events:529:35)\n    at endReadableNT (node:internal/streams/readable:1400:12)\n    at process.processTicksAndRejections (node:internal/process/task_queues:82:21)","statusCode":404,"timestamp":"2025-12-27T10:36:13.836Z"}
{"level":"info","message":"Starting Dockerfile validation with dockerode","timestamp":"2025-12-27T10:36:21.854Z"}
{"level":"info","message":"Building validation image: dockerfile-validation-1766831781854","timestamp":"2025-12-27T10:36:21.855Z"}
{"level":"info","message":"Docker build validation succeeded","timestamp":"2025-12-27T10:36:23.913Z"}
{"json":{"message":"No such image: dockerfile-validation-1766831781854:latest"},"level":"error","message":"Error removing validation image: (HTTP code 404) no such image - No such image: dockerfile-validation-1766831781854:latest ","reason":"no such image","stack":"Error: (HTTP code 404) no such image - No such image: dockerfile-validation-1766831781854:latest \n    at /app/node_modules/docker-modem/lib/modem.js:383:17\n    at getCause (/app/node_modules/docker-modem/lib/modem.js:418:7)\n    at Modem.buildPayload (/app/node_modules/docker-modem/lib/modem.js:379:5)\n    at IncomingMessage.<anonymous> (/app/node_modules/docker-modem/lib/modem.js:347:16)\n    at IncomingMessage.emit (node:events:529:35)\n    at endReadableNT (node:internal/streams/readable:1400:12)\n    at process.processTicksAndRejections (node:internal/process/task_queues:82:21)","statusCode":404,"timestamp":"2025-12-27T10:36:23.914Z"}
{"level":"info","message":"Starting Dockerfile validation with dockerode","timestamp":"2025-12-27T10:36:33.236Z"}
{"level":"info","message":"Building validation image: dockerfile-validation-1766831793236","timestamp":"2025-12-27T10:36:33.239Z"}
{"level":"info","message":"Docker build validation succeeded","timestamp":"2025-12-27T10:36:35.091Z"}
{"json":{"message":"No such image: dockerfile-validation-1766831793236:latest"},"level":"error","message":"Error removing validation image: (HTTP code 404) no such image - No such image: dockerfile-validation-1766831793236:latest ","reason":"no such image","stack":"Error: (HTTP code 404) no such image - No such image: dockerfile-validation-1766831793236:latest \n    at /app/node_modules/docker-modem/lib/modem.js:383:17\n    at getCause (/app/node_modules/docker-modem/lib/modem.js:418:7)\n    at Modem.buildPayload (/app/node_modules/docker-modem/lib/modem.js:379:5)\n    at IncomingMessage.<anonymous> (/app/node_modules/docker-modem/lib/modem.js:347:16)\n    at IncomingMessage.emit (node:events:529:35)\n    at endReadableNT (node:internal/streams/readable:1400:12)\n    at process.processTicksAndRejections (node:internal/process/task_queues:82:21)","statusCode":404,"timestamp":"2025-12-27T10:36:35.092Z"}
{"level":"info","message":"Server running on port 5000","timestamp":"2025-12-27T10:44:45.027Z"}
{"level":"info","message":"Server accessible at http://0.0.0.0:5000","timestamp":"2025-12-27T10:44:45.030Z"}
{"level":"info","message":"MongoDB connected successfully","timestamp":"2025-12-27T10:44:45.051Z"}
{"level":"info","message":"Starting Dockerfile validation","timestamp":"2025-12-27T10:44:53.775Z"}
{"level":"info","message":"Building validation image: dockerfile-validation-1766832293775","timestamp":"2025-12-27T10:44:53.777Z"}
{"level":"error","message":"Validation failed: COPY failed: no source files were specified","stack":"Error: COPY failed: no source files were specified\n    at /app/routes/deploy.js:256:15\n    at process.processTicksAndRejections (node:internal/process/task_queues:95:5)","timestamp":"2025-12-27T10:44:53.787Z"}
{"level":"info","message":"Starting Dockerfile validation","timestamp":"2025-12-27T10:45:00.743Z"}
{"level":"info","message":"Building validation image: dockerfile-validation-1766832300743","timestamp":"2025-12-27T10:45:00.753Z"}
{"level":"error","message":"Validation failed: COPY failed: no source files were specified","stack":"Error: COPY failed: no source files were specified\n    at /app/routes/deploy.js:256:15\n    at process.processTicksAndRejections (node:internal/process/task_queues:95:5)","timestamp":"2025-12-27T10:45:00.763Z"}
{"level":"info","message":"Starting Dockerfile validation","timestamp":"2025-12-27T10:45:08.106Z"}
{"level":"info","message":"Building validation image: dockerfile-validation-1766832308106","timestamp":"2025-12-27T10:45:08.108Z"}
{"level":"error","message":"Validation failed: COPY failed: no source files were specified","stack":"Error: COPY failed: no source files were specified\n    at /app/routes/deploy.js:256:15\n    at process.processTicksAndRejections (node:internal/process/task_queues:95:5)","timestamp":"2025-12-27T10:45:08.119Z"}
{"level":"info","message":"Starting Dockerfile validation","timestamp":"2025-12-27T10:45:11.298Z"}
{"level":"info","message":"Building validation image: dockerfile-validation-1766832311298","timestamp":"2025-12-27T10:45:11.299Z"}
{"level":"error","message":"Validation failed: COPY failed: no source files were specified","stack":"Error: COPY failed: no source files were specified\n    at /app/routes/deploy.js:256:15\n    at process.processTicksAndRejections (node:internal/process/task_queues:95:5)","timestamp":"2025-12-27T10:45:11.317Z"}
{"level":"info","message":"Starting Dockerfile validation","timestamp":"2025-12-27T10:45:22.481Z"}
{"level":"info","message":"Building validation image: dockerfile-validation-1766832322481","timestamp":"2025-12-27T10:45:22.482Z"}
{"level":"error","message":"Validation failed: COPY failed: no source files were specified","stack":"Error: COPY failed: no source files were specified\n    at /app/routes/deploy.js:256:15\n    at process.processTicksAndRejections (node:internal/process/task_queues:95:5)","timestamp":"2025-12-27T10:45:22.498Z"}
{"level":"info","message":"Server running on port 5000","timestamp":"2025-12-27T10:56:09.456Z"}
{"level":"info","message":"Server accessible at http://0.0.0.0:5000","timestamp":"2025-12-27T10:56:09.459Z"}
{"level":"info","message":"MongoDB connected successfully","timestamp":"2025-12-27T10:56:09.481Z"}
{"level":"info","message":"Docker deployment - Mode: deploy-and-run, Port: 3010","timestamp":"2025-12-27T10:57:07.665Z"}
{"level":"info","message":"Dockerfile saved to /generator/docker/Dockerfile","timestamp":"2025-12-27T10:57:07.667Z"}
{"level":"info","message":"Container stopped: df0ab4068ae5283c76f2ded96ce855d61cccd6c678ac04d784718973b5ae45d9","timestamp":"2025-12-27T10:57:23.561Z"}
{"level":"info","message":"Attempting to delete container: df0ab4068ae5283c76f2ded96ce855d61cccd6c678ac04d784718973b5ae45d9","timestamp":"2025-12-27T10:58:33.925Z"}
{"level":"info","message":"Container deleted successfully: df0ab4068ae5283c76f2ded96ce855d61cccd6c678ac04d784718973b5ae45d9","timestamp":"2025-12-27T10:58:33.943Z"}
{"level":"info","message":"Checking tool: terraform","timestamp":"2025-12-27T11:02:20.421Z"}
{"level":"info","message":"Found terraform at /host/usr/bin/terraform","timestamp":"2025-12-27T11:02:20.422Z"}
{"level":"info","message":"Got version for terraform from /host/usr/bin/terraform: Terraform v1.12.2","timestamp":"2025-12-27T11:02:20.874Z"}
{"level":"info","message":"Tool check result: terraform - Installed: true, Version: Terraform v1.12.2","timestamp":"2025-12-27T11:02:20.874Z"}
{"level":"info","message":"Server running on port 5000","timestamp":"2025-12-27T11:29:13.195Z"}
{"level":"info","message":"Server accessible at http://0.0.0.0:5000","timestamp":"2025-12-27T11:29:13.197Z"}
{"level":"info","message":"MongoDB connected successfully","timestamp":"2025-12-27T11:29:13.229Z"}
{"level":"info","message":"Checking tool: docker","timestamp":"2025-12-27T11:29:16.402Z"}
{"level":"info","message":"Tool check result: docker - Installed: true, Version: 28.0.1","timestamp":"2025-12-27T11:29:16.416Z"}
{"level":"info","message":"Checking tool: docker","timestamp":"2025-12-27T11:29:17.168Z"}
{"level":"info","message":"Tool check result: docker - Installed: true, Version: 28.0.1","timestamp":"2025-12-27T11:29:17.179Z"}
{"level":"info","message":"Checking tool: terraform","timestamp":"2025-12-27T11:29:18.011Z"}
{"level":"info","message":"Found terraform at /host/usr/bin/terraform","timestamp":"2025-12-27T11:29:18.012Z"}
{"level":"info","message":"Got version for terraform from /host/usr/bin/terraform: Terraform v1.12.2","timestamp":"2025-12-27T11:29:18.505Z"}
{"level":"info","message":"Tool check result: terraform - Installed: true, Version: Terraform v1.12.2","timestamp":"2025-12-27T11:29:18.506Z"}
{"level":"info","message":"Server running on port 5000","timestamp":"2025-12-27T11:37:57.977Z"}
{"level":"info","message":"Server accessible at http://0.0.0.0:5000","timestamp":"2025-12-27T11:37:57.983Z"}
{"level":"info","message":"MongoDB connected successfully","timestamp":"2025-12-27T11:37:58.006Z"}
{"level":"info","message":"Terraform config saved to /generator/terraform/main.tf","timestamp":"2025-12-27T11:38:41.895Z"}
{"level":"info","message":"Executing: terraform init in /generator/terraform","timestamp":"2025-12-27T11:38:41.896Z"}
{"level":"info","message":"Executing: terraform plan in /generator/terraform","timestamp":"2025-12-27T11:38:44.290Z"}
{"level":"info","message":"Terraform config saved to /generator/terraform/main.tf","timestamp":"2025-12-27T11:39:08.699Z"}
{"level":"info","message":"Executing: terraform init in /generator/terraform","timestamp":"2025-12-27T11:39:08.700Z"}
{"level":"info","message":"Executing: terraform plan in /generator/terraform","timestamp":"2025-12-27T11:39:34.519Z"}
{"level":"info","message":"Server running on port 5000","timestamp":"2025-12-27T11:44:23.131Z"}
{"level":"info","message":"Server accessible at http://0.0.0.0:5000","timestamp":"2025-12-27T11:44:23.136Z"}
{"level":"info","message":"MongoDB connected successfully","timestamp":"2025-12-27T11:44:23.160Z"}
{"level":"info","message":"Terraform config saved to /generator/terraform/main.tf","timestamp":"2025-12-27T11:46:25.929Z"}
{"level":"info","message":"Executing: terraform init in /generator/terraform","timestamp":"2025-12-27T11:46:25.930Z"}
{"level":"info","message":"Executing: terraform plan in /generator/terraform","timestamp":"2025-12-27T11:46:27.447Z"}
{"level":"info","message":"Server running on port 5000","timestamp":"2025-12-27T12:01:51.968Z"}
{"level":"info","message":"Server accessible at http://0.0.0.0:5000","timestamp":"2025-12-27T12:01:51.970Z"}
{"level":"info","message":"MongoDB connected successfully","timestamp":"2025-12-27T12:01:52.000Z"}
{"level":"info","message":"Terraform config saved to /generator/terraform/main.tf","timestamp":"2025-12-27T12:02:01.583Z"}
{"level":"info","message":"Executing: terraform init in /generator/terraform","timestamp":"2025-12-27T12:02:01.583Z"}
{"level":"info","message":"Executing: terraform plan in /generator/terraform","timestamp":"2025-12-27T12:02:03.030Z"}
{"level":"info","message":"Terraform saved to /generator/terraform/test.tf","timestamp":"2025-12-27T12:02:34.321Z"}
{"level":"info","message":"Executing: terraform init in /generator/terraform","timestamp":"2025-12-27T12:02:34.322Z"}
{"level":"info","message":"Checking tool: terraform","timestamp":"2025-12-27T12:03:51.321Z"}
{"level":"info","message":"Found terraform at /host/usr/bin/terraform","timestamp":"2025-12-27T12:03:51.324Z"}
{"level":"info","message":"Got version for terraform from /host/usr/bin/terraform: Terraform v1.12.2","timestamp":"2025-12-27T12:03:51.364Z"}
{"level":"info","message":"Tool check result: terraform - Installed: true, Version: Terraform v1.12.2","timestamp":"2025-12-27T12:03:51.364Z"}
{"level":"info","message":"Terraform config saved to /generator/terraform/main.tf","timestamp":"2025-12-28T06:28:33.296Z"}
{"level":"info","message":"Executing: terraform init in /generator/terraform","timestamp":"2025-12-28T06:28:33.300Z"}
{"level":"info","message":"Terraform config saved to /generator/terraform/main.tf","timestamp":"2025-12-28T06:28:55.402Z"}
{"level":"info","message":"Executing: terraform init in /generator/terraform","timestamp":"2025-12-28T06:28:55.402Z"}
{"level":"info","message":"Terraform config saved to /generator/terraform/main.tf","timestamp":"2025-12-28T06:29:54.163Z"}
{"level":"info","message":"Executing: terraform init in /generator/terraform","timestamp":"2025-12-28T06:29:54.165Z"}
{"level":"info","message":"Server running on port 5000","timestamp":"2025-12-28T06:34:15.833Z"}
{"level":"info","message":"Server accessible at http://0.0.0.0:5000","timestamp":"2025-12-28T06:34:15.835Z"}
{"level":"info","message":"MongoDB connected successfully","timestamp":"2025-12-28T06:34:15.856Z"}
{"level":"info","message":"Terraform config saved to /generator/terraform/main.tf","timestamp":"2025-12-28T06:34:32.988Z"}
{"level":"info","message":"Executing: terraform init in /generator/terraform","timestamp":"2025-12-28T06:34:32.989Z"}
{"level":"info","message":"Executing: terraform plan in /generator/terraform","timestamp":"2025-12-28T06:34:40.488Z"}
{"level":"info","message":"Server running on port 5000","timestamp":"2025-12-28T06:40:39.529Z"}
{"level":"info","message":"Server accessible at http://0.0.0.0:5000","timestamp":"2025-12-28T06:40:39.532Z"}
{"level":"info","message":"MongoDB connected successfully","timestamp":"2025-12-28T06:40:39.588Z"}
{"level":"info","message":"Terraform saved to /generator/terraform/main.tf","timestamp":"2025-12-28T06:40:50.418Z"}
{"level":"info","message":"Executing: terraform init in /generator/terraform","timestamp":"2025-12-28T06:40:50.419Z"}
{"level":"info","message":"Executing: terraform validate in /generator/terraform","timestamp":"2025-12-28T06:40:52.398Z"}
{"level":"info","message":"Server running on port 5000","timestamp":"2025-12-28T06:45:36.047Z"}
{"level":"info","message":"Server accessible at http://0.0.0.0:5000","timestamp":"2025-12-28T06:45:36.050Z"}
{"level":"info","message":"MongoDB connected successfully","timestamp":"2025-12-28T06:45:36.089Z"}
{"level":"info","message":"Terraform saved to /generator/terraform/main.tf","timestamp":"2025-12-28T06:45:49.236Z"}
{"level":"info","message":"Executing: terraform init in /generator/terraform","timestamp":"2025-12-28T06:45:49.239Z"}
{"level":"info","message":"Executing: terraform validate in /generator/terraform","timestamp":"2025-12-28T06:45:50.929Z"}
{"level":"info","message":"Server running on port 5000","timestamp":"2025-12-28T06:48:22.901Z"}
{"level":"info","message":"Server accessible at http://0.0.0.0:5000","timestamp":"2025-12-28T06:48:22.909Z"}
{"level":"info","message":"MongoDB connected successfully","timestamp":"2025-12-28T06:48:22.935Z"}
{"level":"info","message":"Terraform saved to /generator/terraform/main.tf","timestamp":"2025-12-28T06:48:25.768Z"}
{"level":"info","message":"Executing: terraform init in /generator/terraform","timestamp":"2025-12-28T06:48:25.769Z"}
{"level":"info","message":"Executing: terraform validate in /generator/terraform","timestamp":"2025-12-28T06:48:27.194Z"}
{"level":"info","message":"Server running on port 5000","timestamp":"2025-12-28T07:54:13.520Z"}
{"level":"info","message":"Server accessible at http://0.0.0.0:5000","timestamp":"2025-12-28T07:54:13.524Z"}
{"level":"info","message":"MongoDB connected successfully","timestamp":"2025-12-28T07:54:13.551Z"}
{"level":"info","message":"Server running on port 5000","timestamp":"2025-12-28T08:51:29.323Z"}
{"level":"info","message":"Server accessible at http://0.0.0.0:5000","timestamp":"2025-12-28T08:51:29.327Z"}
{"level":"info","message":"MongoDB connected successfully","timestamp":"2025-12-28T08:51:29.374Z"}
{"kind":"ObjectId","level":"error","message":"Get file error: Cast to ObjectId failed for value \"user-uploads\" (type string) at path \"_id\" for model \"File\"","path":"_id","reason":{},"stack":"CastError: Cast to ObjectId failed for value \"user-uploads\" (type string) at path \"_id\" for model \"File\"\n    at SchemaObjectId.cast (/app/node_modules/mongoose/lib/schema/objectId.js:253:11)\n    at SchemaType.applySetters (/app/node_modules/mongoose/lib/schemaType.js:1288:12)\n    at SchemaType.castForQuery (/app/node_modules/mongoose/lib/schemaType.js:1724:17)\n    at cast (/app/node_modules/mongoose/lib/cast.js:390:32)\n    at Query.cast (/app/node_modules/mongoose/lib/query.js:5060:12)\n    at Query._castConditions (/app/node_modules/mongoose/lib/query.js:2374:10)\n    at model.Query._findOne (/app/node_modules/mongoose/lib/query.js:2697:8)\n    at model.Query.exec (/app/node_modules/mongoose/lib/query.js:4627:80)\n    at process.processTicksAndRejections (node:internal/process/task_queues:95:5)\n    at async /app/routes/files.js:228:18","stringValue":"\"user-uploads\"","timestamp":"2025-12-28T08:51:38.386Z","value":"user-uploads","valueType":"string"}
{"kind":"ObjectId","level":"error","message":"Get file error: Cast to ObjectId failed for value \"user-uploads\" (type string) at path \"_id\" for model \"File\"","path":"_id","reason":{},"stack":"CastError: Cast to ObjectId failed for value \"user-uploads\" (type string) at path \"_id\" for model \"File\"\n    at SchemaObjectId.cast (/app/node_modules/mongoose/lib/schema/objectId.js:253:11)\n    at SchemaType.applySetters (/app/node_modules/mongoose/lib/schemaType.js:1288:12)\n    at SchemaType.castForQuery (/app/node_modules/mongoose/lib/schemaType.js:1724:17)\n    at cast (/app/node_modules/mongoose/lib/cast.js:390:32)\n    at Query.cast (/app/node_modules/mongoose/lib/query.js:5060:12)\n    at Query._castConditions (/app/node_modules/mongoose/lib/query.js:2374:10)\n    at model.Query._findOne (/app/node_modules/mongoose/lib/query.js:2697:8)\n    at model.Query.exec (/app/node_modules/mongoose/lib/query.js:4627:80)\n    at process.processTicksAndRejections (node:internal/process/task_queues:95:5)\n    at async /app/routes/files.js:228:18","stringValue":"\"user-uploads\"","timestamp":"2025-12-28T08:52:13.156Z","value":"user-uploads","valueType":"string"}
{"level":"info","message":"Server running on port 5000","timestamp":"2025-12-28T08:57:34.790Z"}
{"level":"info","message":"Server accessible at http://0.0.0.0:5000","timestamp":"2025-12-28T08:57:34.793Z"}
{"level":"info","message":"MongoDB connected successfully","timestamp":"2025-12-28T08:57:34.820Z"}
{"kind":"ObjectId","level":"error","message":"Get file error: Cast to ObjectId failed for value \"user-uploads\" (type string) at path \"_id\" for model \"File\"","path":"_id","reason":{},"stack":"CastError: Cast to ObjectId failed for value \"user-uploads\" (type string) at path \"_id\" for model \"File\"\n    at SchemaObjectId.cast (/app/node_modules/mongoose/lib/schema/objectId.js:253:11)\n    at SchemaType.applySetters (/app/node_modules/mongoose/lib/schemaType.js:1288:12)\n    at SchemaType.castForQuery (/app/node_modules/mongoose/lib/schemaType.js:1724:17)\n    at cast (/app/node_modules/mongoose/lib/cast.js:390:32)\n    at Query.cast (/app/node_modules/mongoose/lib/query.js:5060:12)\n    at Query._castConditions (/app/node_modules/mongoose/lib/query.js:2374:10)\n    at model.Query._findOne (/app/node_modules/mongoose/lib/query.js:2697:8)\n    at model.Query.exec (/app/node_modules/mongoose/lib/query.js:4627:80)\n    at process.processTicksAndRejections (node:internal/process/task_queues:95:5)\n    at async /app/routes/files.js:454:18","stringValue":"\"user-uploads\"","timestamp":"2025-12-28T08:57:43.731Z","value":"user-uploads","valueType":"string"}
{"kind":"ObjectId","level":"error","message":"Get file error: Cast to ObjectId failed for value \"user-uploads\" (type string) at path \"_id\" for model \"File\"","path":"_id","reason":{},"stack":"CastError: Cast to ObjectId failed for value \"user-uploads\" (type string) at path \"_id\" for model \"File\"\n    at SchemaObjectId.cast (/app/node_modules/mongoose/lib/schema/objectId.js:253:11)\n    at SchemaType.applySetters (/app/node_modules/mongoose/lib/schemaType.js:1288:12)\n    at SchemaType.castForQuery (/app/node_modules/mongoose/lib/schemaType.js:1724:17)\n    at cast (/app/node_modules/mongoose/lib/cast.js:390:32)\n    at Query.cast (/app/node_modules/mongoose/lib/query.js:5060:12)\n    at Query._castConditions (/app/node_modules/mongoose/lib/query.js:2374:10)\n    at model.Query._findOne (/app/node_modules/mongoose/lib/query.js:2697:8)\n    at model.Query.exec (/app/node_modules/mongoose/lib/query.js:4627:80)\n    at process.processTicksAndRejections (node:internal/process/task_queues:95:5)\n    at async /app/routes/files.js:454:18","stringValue":"\"user-uploads\"","timestamp":"2025-12-28T08:57:50.234Z","value":"user-uploads","valueType":"string"}
{"level":"info","message":"Server running on port 5000","timestamp":"2025-12-28T09:00:32.779Z"}
{"level":"info","message":"Server accessible at http://0.0.0.0:5000","timestamp":"2025-12-28T09:00:32.782Z"}
{"level":"info","message":"MongoDB connected successfully","timestamp":"2025-12-28T09:00:32.813Z"}
{"level":"info","message":"Server running on port 5000","timestamp":"2025-12-28T09:25:44.539Z"}
{"level":"info","message":"Server accessible at http://0.0.0.0:5000","timestamp":"2025-12-28T09:25:44.542Z"}
{"level":"info","message":"MongoDB connected successfully","timestamp":"2025-12-28T09:25:44.564Z"}
{"level":"info","message":"Server running on port 5000","timestamp":"2025-12-28T09:29:48.269Z"}
{"level":"info","message":"Server accessible at http://0.0.0.0:5000","timestamp":"2025-12-28T09:29:48.272Z"}
{"level":"info","message":"MongoDB connected successfully","timestamp":"2025-12-28T09:29:48.303Z"}
{"level":"info","message":"Checking tool: docker","timestamp":"2025-12-28T09:29:57.540Z"}
{"level":"info","message":"Tool check result: docker - Installed: true, Version: 28.0.1","timestamp":"2025-12-28T09:29:57.563Z"}
{"level":"info","message":"Checking tool: terraform","timestamp":"2025-12-28T09:29:58.858Z"}
{"level":"info","message":"Found terraform at /host/usr/bin/terraform","timestamp":"2025-12-28T09:29:58.859Z"}
{"level":"info","message":"Got version for terraform from /host/usr/bin/terraform: Terraform v1.12.2","timestamp":"2025-12-28T09:30:00.171Z"}
{"level":"info","message":"Tool check result: terraform - Installed: true, Version: Terraform v1.12.2","timestamp":"2025-12-28T09:30:00.172Z"}
{"level":"info","message":"Checking tool: kubectl","timestamp":"2025-12-28T09:30:00.618Z"}
{"level":"info","message":"Found minikube at /host/usr/local/bin/minikube, using for kubectl","timestamp":"2025-12-28T09:30:00.619Z"}
{"level":"warn","message":"Error getting minikube kubectl version: ENOENT: no such file or directory, access '/host/snap/bin/minikube'","timestamp":"2025-12-28T09:30:00.620Z"}
{"level":"warn","message":"Error getting minikube kubectl version: Command failed: /host/usr/local/bin/minikube version --short 2>&1\n","timestamp":"2025-12-28T09:30:00.626Z"}
{"level":"warn","message":"Error getting minikube kubectl version: ENOENT: no such file or directory, access '/host/usr/bin/minikube'","timestamp":"2025-12-28T09:30:00.627Z"}
{"level":"warn","message":"Error getting minikube kubectl version: ENOENT: no such file or directory, access '/host/bin/minikube'","timestamp":"2025-12-28T09:30:00.628Z"}
{"level":"info","message":"Tool check result: kubectl - Installed: true, Version: null","timestamp":"2025-12-28T09:30:00.628Z"}
{"level":"info","message":"Checking tool: helm","timestamp":"2025-12-28T09:30:01.658Z"}
{"level":"info","message":"Found helm at /host/usr/local/bin/helm","timestamp":"2025-12-28T09:30:01.659Z"}
{"level":"info","message":"Got version for helm from /host/usr/local/bin/helm: v3.17.1+g980d8ac","timestamp":"2025-12-28T09:30:02.124Z"}
{"level":"info","message":"Tool check result: helm - Installed: true, Version: v3.17.1+g980d8ac","timestamp":"2025-12-28T09:30:02.124Z"}
{"level":"info","message":"Checking tool: argocd","timestamp":"2025-12-28T09:30:02.705Z"}
{"level":"info","message":"Found argocd at /host/usr/local/bin/argocd","timestamp":"2025-12-28T09:30:02.705Z"}
{"level":"info","message":"Got version for argocd from /host/usr/local/bin/argocd: argocd: v3.0.11+240a183","timestamp":"2025-12-28T09:30:03.323Z"}
{"level":"info","message":"Tool check result: argocd - Installed: true, Version: argocd: v3.0.11+240a183","timestamp":"2025-12-28T09:30:03.323Z"}
{"level":"info","message":"Checking tool: jenkins","timestamp":"2025-12-28T09:30:04.055Z"}
{"level":"warn","message":"jenkins not found in any standard path","timestamp":"2025-12-28T09:30:04.056Z"}
{"level":"info","message":"Tool check result: jenkins - Installed: false, Version: null","timestamp":"2025-12-28T09:30:04.056Z"}
{"level":"info","message":"Docker deployment - Mode: deploy, Port: 3010","timestamp":"2025-12-28T09:30:26.286Z"}
{"level":"info","message":"Dockerfile saved to /generator/docker/Dockerfile","timestamp":"2025-12-28T09:30:26.290Z"}
{"level":"info","message":"Server running on port 5000","timestamp":"2025-12-28T09:35:34.247Z"}
{"level":"info","message":"Server accessible at http://0.0.0.0:5000","timestamp":"2025-12-28T09:35:34.249Z"}
{"level":"info","message":"MongoDB connected successfully","timestamp":"2025-12-28T09:35:34.272Z"}
{"level":"info","message":"Docker deployment - Mode: deploy-and-run, Port: 3010","timestamp":"2025-12-28T09:45:08.107Z"}
{"level":"info","message":"Dockerfile saved to /generator/docker/Dockerfile","timestamp":"2025-12-28T09:45:08.113Z"}
{"level":"info","message":"Docker deployment - Mode: deploy-and-run, Port: 3010","timestamp":"2025-12-28T09:45:16.435Z"}
{"level":"info","message":"Dockerfile saved to /generator/docker/Dockerfile","timestamp":"2025-12-28T09:45:16.436Z"}
{"json":{"message":"failed to set up container networking: driver failed programming external connectivity on endpoint test2 (c10c922a6c6fc408ea3bfe55aa75f11f776820fc8676000648f78440baad67fb): Bind for 0.0.0.0:3010 failed: port is already allocated"},"level":"error","message":"Docker build/run error: (HTTP code 500) server error - failed to set up container networking: driver failed programming external connectivity on endpoint test2 (c10c922a6c6fc408ea3bfe55aa75f11f776820fc8676000648f78440baad67fb): Bind for 0.0.0.0:3010 failed: port is already allocated ","reason":"server error","stack":"Error: (HTTP code 500) server error - failed to set up container networking: driver failed programming external connectivity on endpoint test2 (c10c922a6c6fc408ea3bfe55aa75f11f776820fc8676000648f78440baad67fb): Bind for 0.0.0.0:3010 failed: port is already allocated \n    at /app/node_modules/docker-modem/lib/modem.js:383:17\n    at getCause (/app/node_modules/docker-modem/lib/modem.js:418:7)\n    at Modem.buildPayload (/app/node_modules/docker-modem/lib/modem.js:379:5)\n    at IncomingMessage.<anonymous> (/app/node_modules/docker-modem/lib/modem.js:347:16)\n    at IncomingMessage.emit (node:events:529:35)\n    at endReadableNT (node:internal/streams/readable:1400:12)\n    at process.processTicksAndRejections (node:internal/process/task_queues:82:21)","statusCode":500,"timestamp":"2025-12-28T09:45:16.868Z"}
{"json":{"message":"failed to set up container networking: driver failed programming external connectivity on endpoint test2 (59593ac0d0de02474cab45f1f8cfb21f138cc6b66e21ee30eb57af83f5872471): Bind for 0.0.0.0:3010 failed: port is already allocated"},"level":"error","message":"Start container error: (HTTP code 500) server error - failed to set up container networking: driver failed programming external connectivity on endpoint test2 (59593ac0d0de02474cab45f1f8cfb21f138cc6b66e21ee30eb57af83f5872471): Bind for 0.0.0.0:3010 failed: port is already allocated ","reason":"server error","stack":"Error: (HTTP code 500) server error - failed to set up container networking: driver failed programming external connectivity on endpoint test2 (59593ac0d0de02474cab45f1f8cfb21f138cc6b66e21ee30eb57af83f5872471): Bind for 0.0.0.0:3010 failed: port is already allocated \n    at /app/node_modules/docker-modem/lib/modem.js:383:17\n    at getCause (/app/node_modules/docker-modem/lib/modem.js:418:7)\n    at Modem.buildPayload (/app/node_modules/docker-modem/lib/modem.js:379:5)\n    at IncomingMessage.<anonymous> (/app/node_modules/docker-modem/lib/modem.js:347:16)\n    at IncomingMessage.emit (node:events:529:35)\n    at endReadableNT (node:internal/streams/readable:1400:12)\n    at process.processTicksAndRejections (node:internal/process/task_queues:82:21)","statusCode":500,"timestamp":"2025-12-28T09:45:32.637Z"}
{"level":"info","message":"Attempting to delete container: 0f99e1ef11a29fb9dcbe96e0216d2375bf6bc1e9b02487114fa7de1c2deb7169","timestamp":"2025-12-28T09:45:37.683Z"}
{"level":"info","message":"Container deleted successfully: 0f99e1ef11a29fb9dcbe96e0216d2375bf6bc1e9b02487114fa7de1c2deb7169","timestamp":"2025-12-28T09:45:37.706Z"}
{"level":"info","message":"Docker deployment - Mode: deploy-and-run, Port: 3010","timestamp":"2025-12-28T09:45:47.286Z"}
{"level":"info","message":"Dockerfile saved to /generator/docker/Dockerfile","timestamp":"2025-12-28T09:45:47.289Z"}
{"json":{"message":"failed to set up container networking: driver failed programming external connectivity on endpoint test2 (9c81340128937109454088e6cfefca997ee8c9a3200c2cc7c1c3eebc710fbeba): Bind for 0.0.0.0:3010 failed: port is already allocated"},"level":"error","message":"Docker build/run error: (HTTP code 500) server error - failed to set up container networking: driver failed programming external connectivity on endpoint test2 (9c81340128937109454088e6cfefca997ee8c9a3200c2cc7c1c3eebc710fbeba): Bind for 0.0.0.0:3010 failed: port is already allocated ","reason":"server error","stack":"Error: (HTTP code 500) server error - failed to set up container networking: driver failed programming external connectivity on endpoint test2 (9c81340128937109454088e6cfefca997ee8c9a3200c2cc7c1c3eebc710fbeba): Bind for 0.0.0.0:3010 failed: port is already allocated \n    at /app/node_modules/docker-modem/lib/modem.js:383:17\n    at getCause (/app/node_modules/docker-modem/lib/modem.js:418:7)\n    at Modem.buildPayload (/app/node_modules/docker-modem/lib/modem.js:379:5)\n    at IncomingMessage.<anonymous> (/app/node_modules/docker-modem/lib/modem.js:347:16)\n    at IncomingMessage.emit (node:events:529:35)\n    at endReadableNT (node:internal/streams/readable:1400:12)\n    at process.processTicksAndRejections (node:internal/process/task_queues:82:21)","statusCode":500,"timestamp":"2025-12-28T09:45:47.670Z"}
{"level":"info","message":"Docker deployment - Mode: deploy-and-run, Port: 3010","timestamp":"2025-12-28T09:46:19.393Z"}
{"level":"info","message":"Dockerfile saved to /generator/docker/Dockerfile","timestamp":"2025-12-28T09:46:19.394Z"}
{"json":{"message":"failed to set up container networking: driver failed programming external connectivity on endpoint test3 (6d6d34bb7bfde42ce0b144bc7183ee7fc86e59b19bc65c7291d1a0e78085db33): Bind for 0.0.0.0:3010 failed: port is already allocated"},"level":"error","message":"Docker build/run error: (HTTP code 500) server error - failed to set up container networking: driver failed programming external connectivity on endpoint test3 (6d6d34bb7bfde42ce0b144bc7183ee7fc86e59b19bc65c7291d1a0e78085db33): Bind for 0.0.0.0:3010 failed: port is already allocated ","reason":"server error","stack":"Error: (HTTP code 500) server error - failed to set up container networking: driver failed programming external connectivity on endpoint test3 (6d6d34bb7bfde42ce0b144bc7183ee7fc86e59b19bc65c7291d1a0e78085db33): Bind for 0.0.0.0:3010 failed: port is already allocated \n    at /app/node_modules/docker-modem/lib/modem.js:383:17\n    at getCause (/app/node_modules/docker-modem/lib/modem.js:418:7)\n    at Modem.buildPayload (/app/node_modules/docker-modem/lib/modem.js:379:5)\n    at IncomingMessage.<anonymous> (/app/node_modules/docker-modem/lib/modem.js:347:16)\n    at IncomingMessage.emit (node:events:529:35)\n    at endReadableNT (node:internal/streams/readable:1400:12)\n    at process.processTicksAndRejections (node:internal/process/task_queues:82:21)","statusCode":500,"timestamp":"2025-12-28T09:46:19.788Z"}
{"level":"info","message":"Server running on port 5000","timestamp":"2025-12-28T10:03:49.857Z"}
{"level":"info","message":"Server accessible at http://0.0.0.0:5000","timestamp":"2025-12-28T10:03:49.859Z"}
{"level":"info","message":"MongoDB connected successfully","timestamp":"2025-12-28T10:03:49.888Z"}
{"json":{"message":"failed to set up container networking: driver failed programming external connectivity on endpoint test3 (78b4827c1a40888c3ae75064e47e9b6ced30a0b873b2292c40bcb099c07ef83e): Bind for 0.0.0.0:3010 failed: port is already allocated"},"level":"error","message":"Start container error: (HTTP code 500) server error - failed to set up container networking: driver failed programming external connectivity on endpoint test3 (78b4827c1a40888c3ae75064e47e9b6ced30a0b873b2292c40bcb099c07ef83e): Bind for 0.0.0.0:3010 failed: port is already allocated ","reason":"server error","stack":"Error: (HTTP code 500) server error - failed to set up container networking: driver failed programming external connectivity on endpoint test3 (78b4827c1a40888c3ae75064e47e9b6ced30a0b873b2292c40bcb099c07ef83e): Bind for 0.0.0.0:3010 failed: port is already allocated \n    at /app/node_modules/docker-modem/lib/modem.js:383:17\n    at getCause (/app/node_modules/docker-modem/lib/modem.js:418:7)\n    at Modem.buildPayload (/app/node_modules/docker-modem/lib/modem.js:379:5)\n    at IncomingMessage.<anonymous> (/app/node_modules/docker-modem/lib/modem.js:347:16)\n    at IncomingMessage.emit (node:events:529:35)\n    at endReadableNT (node:internal/streams/readable:1400:12)\n    at process.processTicksAndRejections (node:internal/process/task_queues:82:21)","statusCode":500,"timestamp":"2025-12-28T10:04:08.967Z"}
{"json":{"message":"failed to set up container networking: driver failed programming external connectivity on endpoint test2 (37d6c2c03776dd0a99b16d2e1792a13d362e9aa3133c7dbe4b74ea5bbe81a1c9): Bind for 0.0.0.0:3010 failed: port is already allocated"},"level":"error","message":"Start container error: (HTTP code 500) server error - failed to set up container networking: driver failed programming external connectivity on endpoint test2 (37d6c2c03776dd0a99b16d2e1792a13d362e9aa3133c7dbe4b74ea5bbe81a1c9): Bind for 0.0.0.0:3010 failed: port is already allocated ","reason":"server error","stack":"Error: (HTTP code 500) server error - failed to set up container networking: driver failed programming external connectivity on endpoint test2 (37d6c2c03776dd0a99b16d2e1792a13d362e9aa3133c7dbe4b74ea5bbe81a1c9): Bind for 0.0.0.0:3010 failed: port is already allocated \n    at /app/node_modules/docker-modem/lib/modem.js:383:17\n    at getCause (/app/node_modules/docker-modem/lib/modem.js:418:7)\n    at Modem.buildPayload (/app/node_modules/docker-modem/lib/modem.js:379:5)\n    at IncomingMessage.<anonymous> (/app/node_modules/docker-modem/lib/modem.js:347:16)\n    at IncomingMessage.emit (node:events:529:35)\n    at endReadableNT (node:internal/streams/readable:1400:12)\n    at process.processTicksAndRejections (node:internal/process/task_queues:82:21)","statusCode":500,"timestamp":"2025-12-28T10:04:13.214Z"}
{"level":"info","message":"Attempting to delete container: beeab81af0cfc92e840e1bb3e35962f277c267611995ad250da1a33d3672c14e","timestamp":"2025-12-28T10:04:15.709Z"}
{"level":"info","message":"Container deleted successfully: beeab81af0cfc92e840e1bb3e35962f277c267611995ad250da1a33d3672c14e","timestamp":"2025-12-28T10:04:15.741Z"}
{"level":"info","message":"Attempting to delete container: 79aa71cd460b23ef648d21f20dc7dcc8ea4ee22ead3c62a5325fc1ca16627b76","timestamp":"2025-12-28T10:04:17.760Z"}
{"level":"info","message":"Container deleted successfully: 79aa71cd460b23ef648d21f20dc7dcc8ea4ee22ead3c62a5325fc1ca16627b76","timestamp":"2025-12-28T10:04:17.791Z"}
{"level":"info","message":"Docker deployment - Mode: deploy-and-run, Port: 3010","timestamp":"2025-12-28T10:05:10.359Z"}
{"level":"info","message":"Dockerfile saved to /generator/docker/Dockerfile","timestamp":"2025-12-28T10:05:10.363Z"}
{"json":{"message":"failed to set up container networking: driver failed programming external connectivity on endpoint test4 (31e25a72b0b3014c219b0d25f84c2fd20f7c2fb6f8a0045c6a97830cdb144e8e): Bind for 0.0.0.0:3010 failed: port is already allocated"},"level":"error","message":"Docker build/run error: (HTTP code 500) server error - failed to set up container networking: driver failed programming external connectivity on endpoint test4 (31e25a72b0b3014c219b0d25f84c2fd20f7c2fb6f8a0045c6a97830cdb144e8e): Bind for 0.0.0.0:3010 failed: port is already allocated ","reason":"server error","stack":"Error: (HTTP code 500) server error - failed to set up container networking: driver failed programming external connectivity on endpoint test4 (31e25a72b0b3014c219b0d25f84c2fd20f7c2fb6f8a0045c6a97830cdb144e8e): Bind for 0.0.0.0:3010 failed: port is already allocated \n    at /app/node_modules/docker-modem/lib/modem.js:383:17\n    at getCause (/app/node_modules/docker-modem/lib/modem.js:418:7)\n    at Modem.buildPayload (/app/node_modules/docker-modem/lib/modem.js:379:5)\n    at IncomingMessage.<anonymous> (/app/node_modules/docker-modem/lib/modem.js:347:16)\n    at IncomingMessage.emit (node:events:529:35)\n    at endReadableNT (node:internal/streams/readable:1400:12)\n    at process.processTicksAndRejections (node:internal/process/task_queues:82:21)","statusCode":500,"timestamp":"2025-12-28T10:05:10.916Z"}
{"level":"info","message":"Docker deployment - Mode: deploy-and-run, Port: 3010","timestamp":"2025-12-28T10:05:56.059Z"}
{"level":"info","message":"Dockerfile saved to /generator/docker/Dockerfile","timestamp":"2025-12-28T10:05:56.060Z"}
{"json":{"message":"failed to set up container networking: driver failed programming external connectivity on endpoint test4 (a60a3ffe82b726eab80bc0b5a5bb0932c2a6be37622819dc91c170e88ff27c4e): Bind for 0.0.0.0:3010 failed: port is already allocated"},"level":"error","message":"Docker build/run error: (HTTP code 500) server error - failed to set up container networking: driver failed programming external connectivity on endpoint test4 (a60a3ffe82b726eab80bc0b5a5bb0932c2a6be37622819dc91c170e88ff27c4e): Bind for 0.0.0.0:3010 failed: port is already allocated ","reason":"server error","stack":"Error: (HTTP code 500) server error - failed to set up container networking: driver failed programming external connectivity on endpoint test4 (a60a3ffe82b726eab80bc0b5a5bb0932c2a6be37622819dc91c170e88ff27c4e): Bind for 0.0.0.0:3010 failed: port is already allocated \n    at /app/node_modules/docker-modem/lib/modem.js:383:17\n    at getCause (/app/node_modules/docker-modem/lib/modem.js:418:7)\n    at Modem.buildPayload (/app/node_modules/docker-modem/lib/modem.js:379:5)\n    at IncomingMessage.<anonymous> (/app/node_modules/docker-modem/lib/modem.js:347:16)\n    at IncomingMessage.emit (node:events:529:35)\n    at endReadableNT (node:internal/streams/readable:1400:12)\n    at process.processTicksAndRejections (node:internal/process/task_queues:82:21)","statusCode":500,"timestamp":"2025-12-28T10:05:56.538Z"}
{"level":"info","message":"Attempting to delete container: 41836b957efc2a2cbd726d3f3c639f11a87f1ffe26b0e13902bf5a508a457be8","timestamp":"2025-12-28T10:07:11.218Z"}
{"level":"info","message":"Container deleted successfully: 41836b957efc2a2cbd726d3f3c639f11a87f1ffe26b0e13902bf5a508a457be8","timestamp":"2025-12-28T10:07:11.243Z"}
{"level":"info","message":"Container stopped: e7248f8e55eab33da82e9b0c11f0673602c79085f536bc83ba551b921be5190f","timestamp":"2025-12-28T10:07:24.017Z"}
{"level":"info","message":"Attempting to delete container: e7248f8e55eab33da82e9b0c11f0673602c79085f536bc83ba551b921be5190f","timestamp":"2025-12-28T10:07:27.590Z"}
{"level":"info","message":"Container deleted successfully: e7248f8e55eab33da82e9b0c11f0673602c79085f536bc83ba551b921be5190f","timestamp":"2025-12-28T10:07:27.614Z"}
{"level":"info","message":"Server running on port 5000","timestamp":"2025-12-28T10:08:22.727Z"}
{"level":"info","message":"Server accessible at http://0.0.0.0:5000","timestamp":"2025-12-28T10:08:22.730Z"}
{"level":"info","message":"MongoDB connected successfully","timestamp":"2025-12-28T10:08:22.764Z"}
{"level":"info","message":"Checking tool: docker","timestamp":"2025-12-28T10:15:07.629Z"}
{"level":"info","message":"Tool check result: docker - Installed: true, Version: 28.0.1","timestamp":"2025-12-28T10:15:07.653Z"}
{"level":"info","message":"Checking tool: terraform","timestamp":"2025-12-28T10:15:10.109Z"}
{"level":"info","message":"Found terraform at /host/usr/bin/terraform","timestamp":"2025-12-28T10:15:10.111Z"}
{"level":"info","message":"Got version for terraform from /host/usr/bin/terraform: Terraform v1.12.2","timestamp":"2025-12-28T10:15:11.728Z"}
{"level":"info","message":"Tool check result: terraform - Installed: true, Version: Terraform v1.12.2","timestamp":"2025-12-28T10:15:11.729Z"}
{"level":"info","message":"Checking tool: jenkins","timestamp":"2025-12-28T10:15:13.054Z"}
{"level":"warn","message":"jenkins not found in any standard path","timestamp":"2025-12-28T10:15:13.056Z"}
{"level":"info","message":"Tool check result: jenkins - Installed: false, Version: null","timestamp":"2025-12-28T10:15:13.057Z"}
{"level":"info","message":"Checking tool: argocd","timestamp":"2025-12-28T10:15:14.604Z"}
{"level":"info","message":"Found argocd at /host/usr/local/bin/argocd","timestamp":"2025-12-28T10:15:14.606Z"}
{"level":"info","message":"Got version for argocd from /host/usr/local/bin/argocd: argocd: v3.0.11+240a183","timestamp":"2025-12-28T10:15:14.932Z"}
{"level":"info","message":"Tool check result: argocd - Installed: true, Version: argocd: v3.0.11+240a183","timestamp":"2025-12-28T10:15:14.933Z"}
{"level":"info","message":"Checking tool: helm","timestamp":"2025-12-28T10:15:15.959Z"}
{"level":"info","message":"Found helm at /host/usr/local/bin/helm","timestamp":"2025-12-28T10:15:15.961Z"}
{"level":"info","message":"Got version for helm from /host/usr/local/bin/helm: v3.17.1+g980d8ac","timestamp":"2025-12-28T10:15:16.120Z"}
{"level":"info","message":"Tool check result: helm - Installed: true, Version: v3.17.1+g980d8ac","timestamp":"2025-12-28T10:15:16.121Z"}
{"level":"info","message":"Server running on port 5000","timestamp":"2025-12-28T11:24:14.092Z"}
{"level":"info","message":"Server accessible at http://0.0.0.0:5000","timestamp":"2025-12-28T11:24:14.094Z"}
{"level":"info","message":"MongoDB connected successfully","timestamp":"2025-12-28T11:24:14.149Z"}
{"level":"info","message":"Docker deployment - Mode: deploy-and-run, Port: 3000","timestamp":"2025-12-28T11:24:24.362Z"}
{"level":"info","message":"Dockerfile saved to /generator/docker/Dockerfile","timestamp":"2025-12-28T11:24:24.365Z"}
{"level":"info","message":"Docker deployment - Mode: deploy-and-run, Port: 3000","timestamp":"2025-12-28T11:24:39.113Z"}
{"level":"info","message":"Dockerfile saved to /generator/docker/Dockerfile","timestamp":"2025-12-28T11:24:39.115Z"}
{"json":{"message":"failed to set up container networking: driver failed programming external connectivity on endpoint test13 (83e663ee2ca100a33c1f7d719c9d346b95fed3ea1f5e84dca7a5537f5b1af649): Bind for 0.0.0.0:3000 failed: port is already allocated"},"level":"error","message":"Docker build/run error: (HTTP code 500) server error - failed to set up container networking: driver failed programming external connectivity on endpoint test13 (83e663ee2ca100a33c1f7d719c9d346b95fed3ea1f5e84dca7a5537f5b1af649): Bind for 0.0.0.0:3000 failed: port is already allocated ","reason":"server error","stack":"Error: (HTTP code 500) server error - failed to set up container networking: driver failed programming external connectivity on endpoint test13 (83e663ee2ca100a33c1f7d719c9d346b95fed3ea1f5e84dca7a5537f5b1af649): Bind for 0.0.0.0:3000 failed: port is already allocated \n    at /app/node_modules/docker-modem/lib/modem.js:383:17\n    at getCause (/app/node_modules/docker-modem/lib/modem.js:418:7)\n    at Modem.buildPayload (/app/node_modules/docker-modem/lib/modem.js:379:5)\n    at IncomingMessage.<anonymous> (/app/node_modules/docker-modem/lib/modem.js:347:16)\n    at IncomingMessage.emit (node:events:529:35)\n    at endReadableNT (node:internal/streams/readable:1400:12)\n    at process.processTicksAndRejections (node:internal/process/task_queues:82:21)","statusCode":500,"timestamp":"2025-12-28T11:24:39.509Z"}
{"level":"info","message":"Docker deployment - Mode: deploy-and-run, Port: 3000","timestamp":"2025-12-28T11:25:10.163Z"}
{"level":"info","message":"Dockerfile saved to /generator/docker/Dockerfile","timestamp":"2025-12-28T11:25:10.164Z"}
{"json":{"message":"failed to set up container networking: driver failed programming external connectivity on endpoint test13 (d577abff89025f31b8ae199cc6a49d203a00fb3b67a5b6d4ea9e5fd9bae6b083): Bind for 0.0.0.0:3000 failed: port is already allocated"},"level":"error","message":"Docker build/run error: (HTTP code 500) server error - failed to set up container networking: driver failed programming external connectivity on endpoint test13 (d577abff89025f31b8ae199cc6a49d203a00fb3b67a5b6d4ea9e5fd9bae6b083): Bind for 0.0.0.0:3000 failed: port is already allocated ","reason":"server error","stack":"Error: (HTTP code 500) server error - failed to set up container networking: driver failed programming external connectivity on endpoint test13 (d577abff89025f31b8ae199cc6a49d203a00fb3b67a5b6d4ea9e5fd9bae6b083): Bind for 0.0.0.0:3000 failed: port is already allocated \n    at /app/node_modules/docker-modem/lib/modem.js:383:17\n    at getCause (/app/node_modules/docker-modem/lib/modem.js:418:7)\n    at Modem.buildPayload (/app/node_modules/docker-modem/lib/modem.js:379:5)\n    at IncomingMessage.<anonymous> (/app/node_modules/docker-modem/lib/modem.js:347:16)\n    at IncomingMessage.emit (node:events:529:35)\n    at endReadableNT (node:internal/streams/readable:1400:12)\n    at process.processTicksAndRejections (node:internal/process/task_queues:82:21)","statusCode":500,"timestamp":"2025-12-28T11:25:10.594Z"}
{"level":"info","message":"Server running on port 5000","timestamp":"2025-12-28T11:31:31.783Z"}
{"level":"info","message":"Server accessible at http://0.0.0.0:5000","timestamp":"2025-12-28T11:31:31.786Z"}
{"level":"info","message":"MongoDB connected successfully","timestamp":"2025-12-28T11:31:31.823Z"}
{"level":"info","message":"Attempting to delete container: 7a7677af3204959e1d9918645bf9996e4dcbb6ed83ab97c3382dea8d90c59588","timestamp":"2025-12-28T11:31:44.753Z"}
{"level":"info","message":"Container deleted successfully: 7a7677af3204959e1d9918645bf9996e4dcbb6ed83ab97c3382dea8d90c59588","timestamp":"2025-12-28T11:31:44.776Z"}
{"level":"info","message":"Docker deployment - Mode: deploy-and-run, Port: 3000","timestamp":"2025-12-28T11:31:56.176Z"}
{"level":"info","message":"Dockerfile saved to /generator/docker/Dockerfile","timestamp":"2025-12-28T11:31:56.177Z"}
{"level":"info","message":"Docker deployment - Mode: deploy-and-run, Port: 3000","timestamp":"2025-12-28T11:32:07.456Z"}
{"level":"info","message":"Dockerfile saved to /generator/docker/Dockerfile","timestamp":"2025-12-28T11:32:07.458Z"}
{"level":"info","message":"Docker deployment - Mode: deploy-and-run, Port: 3000","timestamp":"2025-12-28T11:32:12.629Z"}
{"level":"info","message":"Dockerfile saved to /generator/docker/Dockerfile","timestamp":"2025-12-28T11:32:12.631Z"}
{"level":"info","message":"Container stopped: 3a7cd0823ff46b03788c44135b1e84c74a3b2d962a585e33e01cceb41f49cd4c","timestamp":"2025-12-28T11:32:37.731Z"}
{"level":"info","message":"Container stopped: b49c6b0e5be6c5708427cf67a1481be3bda8abdaa8b59b12184db6f0c276e0f8","timestamp":"2025-12-28T11:32:39.898Z"}
{"level":"info","message":"Container stopped: b281ca82dcda345e6af7187d578e5884c1c3743f9af9576c7b287a81e5f26a4a","timestamp":"2025-12-28T11:32:41.216Z"}
{"level":"info","message":"Container stopped: 089816f3810016a8b4615c040ba4f1ae5991e4d41c155973ae37efa33c29b24b","timestamp":"2025-12-28T11:32:42.253Z"}
{"level":"info","message":"Attempting to delete container: 3a7cd0823ff46b03788c44135b1e84c74a3b2d962a585e33e01cceb41f49cd4c","timestamp":"2025-12-28T11:32:42.404Z"}
{"level":"info","message":"Container deleted successfully: 3a7cd0823ff46b03788c44135b1e84c74a3b2d962a585e33e01cceb41f49cd4c","timestamp":"2025-12-28T11:32:42.434Z"}
{"level":"info","message":"Attempting to delete container: b49c6b0e5be6c5708427cf67a1481be3bda8abdaa8b59b12184db6f0c276e0f8","timestamp":"2025-12-28T11:32:44.938Z"}
{"level":"info","message":"Container deleted successfully: b49c6b0e5be6c5708427cf67a1481be3bda8abdaa8b59b12184db6f0c276e0f8","timestamp":"2025-12-28T11:32:44.973Z"}
{"level":"info","message":"Attempting to delete container: b281ca82dcda345e6af7187d578e5884c1c3743f9af9576c7b287a81e5f26a4a","timestamp":"2025-12-28T11:32:46.639Z"}
{"level":"info","message":"Container deleted successfully: b281ca82dcda345e6af7187d578e5884c1c3743f9af9576c7b287a81e5f26a4a","timestamp":"2025-12-28T11:32:46.660Z"}
{"level":"info","message":"Attempting to delete container: 089816f3810016a8b4615c040ba4f1ae5991e4d41c155973ae37efa33c29b24b","timestamp":"2025-12-28T11:32:48.871Z"}
{"level":"info","message":"Container deleted successfully: 089816f3810016a8b4615c040ba4f1ae5991e4d41c155973ae37efa33c29b24b","timestamp":"2025-12-28T11:32:48.902Z"}
